14:47:32:784  INFO 22568 --- [main] com.hmall.pay.PayApplication             : Starting PayApplication using Java 11 on dadaguai with PID 22568 (D:\developproject\IDEAproject\hmall\pay-service\target\classes started by 12086 in D:\developproject\IDEAproject\hmall)
14:47:32:791  INFO 22568 --- [main] com.hmall.pay.PayApplication             : The following 1 profile is active: "local"
14:47:33:791  INFO 22568 --- [main] o.s.cloud.context.scope.GenericScope     : BeanFactory id=35c3c65b-de26-34c8-921e-47d32160f818
14:47:34:145  INFO 22568 --- [main] o.s.b.w.embedded.tomcat.TomcatWebServer  : Tomcat initialized with port(s): 8086 (http)
14:47:34:156  INFO 22568 --- [main] o.apache.catalina.core.StandardService   : Starting service [Tomcat]
14:47:34:156  INFO 22568 --- [main] org.apache.catalina.core.StandardEngine  : Starting Servlet engine: [Apache Tomcat/9.0.75]
14:47:34:278  INFO 22568 --- [main] o.a.c.c.C.[Tomcat].[localhost].[/]       : Initializing Spring embedded WebApplicationContext
14:47:34:278  INFO 22568 --- [main] w.s.c.ServletWebServerApplicationContext : Root WebApplicationContext: initialization completed in 1441 ms
14:47:34:473  INFO 22568 --- [main] o.s.c.openfeign.FeignClientFactoryBean   : For 'user-service' URL not provided. Will try picking an instance via load-balancing.
14:47:34:528  INFO 22568 --- [main] o.s.c.openfeign.FeignClientFactoryBean   : For 'trade-service' URL not provided. Will try picking an instance via load-balancing.
14:47:38:917  INFO 22568 --- [main] pertySourcedRequestMappingHandlerMapping : Mapped URL path [/v2/api-docs] onto method [springfox.documentation.swagger2.web.Swagger2ControllerWebMvc#getDocumentation(String, HttpServletRequest)]
14:47:40:219  INFO 22568 --- [main] com.alibaba.nacos.common.remote.client   : [RpcClientFactory] create a new rpc client of a4710da4-077d-4a81-b88d-d3e95b86968f
14:47:40:249  INFO 22568 --- [main] org.reflections.Reflections              : Reflections took 15 ms to scan 1 urls, producing 3 keys and 6 values 
14:47:40:265  INFO 22568 --- [main] org.reflections.Reflections              : Reflections took 5 ms to scan 1 urls, producing 4 keys and 9 values 
14:47:40:273  INFO 22568 --- [main] org.reflections.Reflections              : Reflections took 5 ms to scan 1 urls, producing 3 keys and 10 values 
14:47:40:275  WARN 22568 --- [main] org.reflections.Reflections              : given scan urls are empty. set urls in the configuration
14:47:40:282  INFO 22568 --- [main] org.reflections.Reflections              : Reflections took 5 ms to scan 1 urls, producing 1 keys and 5 values 
14:47:40:291  INFO 22568 --- [main] org.reflections.Reflections              : Reflections took 7 ms to scan 1 urls, producing 1 keys and 7 values 
14:47:40:298  INFO 22568 --- [main] org.reflections.Reflections              : Reflections took 5 ms to scan 1 urls, producing 2 keys and 8 values 
14:47:40:300  WARN 22568 --- [main] org.reflections.Reflections              : given scan urls are empty. set urls in the configuration
14:47:40:300  INFO 22568 --- [main] com.alibaba.nacos.common.remote.client   : [a4710da4-077d-4a81-b88d-d3e95b86968f] RpcClient init label, labels = {module=naming, source=sdk}
14:47:40:302  INFO 22568 --- [main] com.alibaba.nacos.common.remote.client   : [a4710da4-077d-4a81-b88d-d3e95b86968f] RpcClient init, ServerListFactory = com.alibaba.nacos.client.naming.core.ServerListManager
14:47:40:302  INFO 22568 --- [main] com.alibaba.nacos.common.remote.client   : [a4710da4-077d-4a81-b88d-d3e95b86968f] Registry connection listener to current client:com.alibaba.nacos.client.naming.remote.gprc.redo.NamingGrpcRedoService
14:47:40:302  INFO 22568 --- [main] com.alibaba.nacos.common.remote.client   : [a4710da4-077d-4a81-b88d-d3e95b86968f] Register server push request handler:com.alibaba.nacos.client.naming.remote.gprc.NamingPushRequestHandler
14:47:40:903  INFO 22568 --- [main] com.alibaba.nacos.common.remote.client   : [a4710da4-077d-4a81-b88d-d3e95b86968f] Try to connect to server on start up, server: {serverIp = '192.168.68.101', server main port = 8848}
14:47:43:583  INFO 22568 --- [main] com.alibaba.nacos.common.remote.client   : [a4710da4-077d-4a81-b88d-d3e95b86968f] Success to connect to server [192.168.68.101:8848] on start up, connectionId = 1721401578073_192.168.68.1_50216
14:47:43:584  INFO 22568 --- [com.alibaba.nacos.client.remote.worker] com.alibaba.nacos.common.remote.client   : [a4710da4-077d-4a81-b88d-d3e95b86968f] Notify connected event to listeners.
14:47:43:584  INFO 22568 --- [main] com.alibaba.nacos.common.remote.client   : [a4710da4-077d-4a81-b88d-d3e95b86968f] Register server push request handler:com.alibaba.nacos.common.remote.client.RpcClient$ConnectResetRequestHandler
14:47:43:585  INFO 22568 --- [main] com.alibaba.nacos.common.remote.client   : [a4710da4-077d-4a81-b88d-d3e95b86968f] Register server push request handler:com.alibaba.nacos.common.remote.client.RpcClient$$Lambda$975/0x000000080070e040
14:47:43:633  INFO 22568 --- [main] o.s.b.w.embedded.tomcat.TomcatWebServer  : Tomcat started on port(s): 8086 (http) with context path ''
14:47:43:650  INFO 22568 --- [main] c.a.c.n.registry.NacosServiceRegistry    : nacos registry, DEFAULT_GROUP pay-service 10.128.19.52:8086 register finished
14:47:44:206  INFO 22568 --- [nacos-grpc-client-executor-8] com.alibaba.nacos.common.remote.client   : [a4710da4-077d-4a81-b88d-d3e95b86968f] Receive server push request, request = NotifySubscriberRequest, requestId = 100
14:47:44:209  INFO 22568 --- [nacos-grpc-client-executor-8] com.alibaba.nacos.common.remote.client   : [a4710da4-077d-4a81-b88d-d3e95b86968f] Ack server push request, request = NotifySubscriberRequest, requestId = 100
14:47:45:243  INFO 22568 --- [main] d.s.w.p.DocumentationPluginsBootstrapper : Documentation plugins bootstrapped
14:47:45:246  INFO 22568 --- [main] d.s.w.p.DocumentationPluginsBootstrapper : Found 1 custom documentation plugin(s)
14:47:45:272  INFO 22568 --- [main] s.d.s.w.s.ApiListingReferenceScanner     : Scanning for api listing references
14:47:45:388  INFO 22568 --- [main] com.hmall.pay.PayApplication             : Started PayApplication in 14.229 seconds (JVM running for 15.63)
15:15:02:379  WARN 22568 --- [Thread-7] c.a.n.common.http.HttpClientBeanHolder   : [HttpClientBeanHolder] Start destroying common HttpClient
15:15:02:380  WARN 22568 --- [Thread-4] c.a.nacos.common.notify.NotifyCenter     : [NotifyCenter] Start destroying Publisher
15:15:02:381  WARN 22568 --- [Thread-4] c.a.nacos.common.notify.NotifyCenter     : [NotifyCenter] Destruction of the end
15:15:02:381  WARN 22568 --- [Thread-7] c.a.n.common.http.HttpClientBeanHolder   : [HttpClientBeanHolder] Destruction of the end
15:15:03:230  INFO 22568 --- [SpringApplicationShutdownHook] c.a.c.n.registry.NacosServiceRegistry    : De-registering from Nacos Server now...
15:15:03:236  INFO 22568 --- [SpringApplicationShutdownHook] c.a.c.n.registry.NacosServiceRegistry    : De-registration finished.
15:15:03:562  INFO 22568 --- [SpringApplicationShutdownHook] com.alibaba.nacos.common.remote.client   : Shutdown rpc client, set status to shutdown
15:15:03:563  INFO 22568 --- [SpringApplicationShutdownHook] com.alibaba.nacos.common.remote.client   : Shutdown client event executor java.util.concurrent.ScheduledThreadPoolExecutor@3197e586[Running, pool size = 2, active threads = 2, queued tasks = 0, completed tasks = 0]
15:15:03:563  INFO 22568 --- [SpringApplicationShutdownHook] com.alibaba.nacos.common.remote.client   : Close current connection 1721401578073_192.168.68.1_50216
15:15:03:570  INFO 22568 --- [SpringApplicationShutdownHook] c.a.n.c.remote.client.grpc.GrpcClient    : Shutdown grpc executor java.util.concurrent.ThreadPoolExecutor@451ffd16[Running, pool size = 5, active threads = 1, queued tasks = 0, completed tasks = 360]
15:15:03:570  INFO 22568 --- [nacos-grpc-client-executor-360] c.a.n.c.remote.client.grpc.GrpcClient    : [1721401578073_192.168.68.1_50216]Ignore complete event,isRunning:false,isAbandon=false
15:15:17:840  INFO 22520 --- [main] com.hmall.pay.PayApplication             : Starting PayApplication using Java 11 on dadaguai with PID 22520 (D:\developproject\IDEAproject\hmall\pay-service\target\classes started by 12086 in D:\developproject\IDEAproject\hmall)
15:15:17:843  INFO 22520 --- [main] com.hmall.pay.PayApplication             : The following 1 profile is active: "local"
15:15:18:662  INFO 22520 --- [main] o.s.cloud.context.scope.GenericScope     : BeanFactory id=95f17558-2e6c-3f52-9f76-b44cecec2a15
15:15:18:978  INFO 22520 --- [main] o.s.b.w.embedded.tomcat.TomcatWebServer  : Tomcat initialized with port(s): 8086 (http)
15:15:18:984  INFO 22520 --- [main] o.apache.catalina.core.StandardService   : Starting service [Tomcat]
15:15:18:984  INFO 22520 --- [main] org.apache.catalina.core.StandardEngine  : Starting Servlet engine: [Apache Tomcat/9.0.75]
15:15:19:079  INFO 22520 --- [main] o.a.c.c.C.[Tomcat].[localhost].[/]       : Initializing Spring embedded WebApplicationContext
15:15:19:079  INFO 22520 --- [main] w.s.c.ServletWebServerApplicationContext : Root WebApplicationContext: initialization completed in 1193 ms
15:15:19:278  INFO 22520 --- [main] o.s.c.openfeign.FeignClientFactoryBean   : For 'user-service' URL not provided. Will try picking an instance via load-balancing.
15:15:19:321  INFO 22520 --- [main] o.s.c.openfeign.FeignClientFactoryBean   : For 'trade-service' URL not provided. Will try picking an instance via load-balancing.
15:15:23:190  INFO 22520 --- [main] pertySourcedRequestMappingHandlerMapping : Mapped URL path [/v2/api-docs] onto method [springfox.documentation.swagger2.web.Swagger2ControllerWebMvc#getDocumentation(String, HttpServletRequest)]
15:15:24:220  INFO 22520 --- [main] com.alibaba.nacos.common.remote.client   : [RpcClientFactory] create a new rpc client of 4413ccd6-bdb3-4453-bacc-161e50109de5
15:15:24:251  INFO 22520 --- [main] org.reflections.Reflections              : Reflections took 18 ms to scan 1 urls, producing 3 keys and 6 values 
15:15:24:267  INFO 22520 --- [main] org.reflections.Reflections              : Reflections took 6 ms to scan 1 urls, producing 4 keys and 9 values 
15:15:24:275  INFO 22520 --- [main] org.reflections.Reflections              : Reflections took 5 ms to scan 1 urls, producing 3 keys and 10 values 
15:15:24:277  WARN 22520 --- [main] org.reflections.Reflections              : given scan urls are empty. set urls in the configuration
15:15:24:283  INFO 22520 --- [main] org.reflections.Reflections              : Reflections took 5 ms to scan 1 urls, producing 1 keys and 5 values 
15:15:24:289  INFO 22520 --- [main] org.reflections.Reflections              : Reflections took 5 ms to scan 1 urls, producing 1 keys and 7 values 
15:15:24:295  INFO 22520 --- [main] org.reflections.Reflections              : Reflections took 4 ms to scan 1 urls, producing 2 keys and 8 values 
15:15:24:297  WARN 22520 --- [main] org.reflections.Reflections              : given scan urls are empty. set urls in the configuration
15:15:24:297  INFO 22520 --- [main] com.alibaba.nacos.common.remote.client   : [4413ccd6-bdb3-4453-bacc-161e50109de5] RpcClient init label, labels = {module=naming, source=sdk}
15:15:24:299  INFO 22520 --- [main] com.alibaba.nacos.common.remote.client   : [4413ccd6-bdb3-4453-bacc-161e50109de5] RpcClient init, ServerListFactory = com.alibaba.nacos.client.naming.core.ServerListManager
15:15:24:299  INFO 22520 --- [main] com.alibaba.nacos.common.remote.client   : [4413ccd6-bdb3-4453-bacc-161e50109de5] Registry connection listener to current client:com.alibaba.nacos.client.naming.remote.gprc.redo.NamingGrpcRedoService
15:15:24:299  INFO 22520 --- [main] com.alibaba.nacos.common.remote.client   : [4413ccd6-bdb3-4453-bacc-161e50109de5] Register server push request handler:com.alibaba.nacos.client.naming.remote.gprc.NamingPushRequestHandler
15:15:24:301  INFO 22520 --- [main] com.alibaba.nacos.common.remote.client   : [4413ccd6-bdb3-4453-bacc-161e50109de5] Try to connect to server on start up, server: {serverIp = '192.168.68.101', server main port = 8848}
15:15:26:691  INFO 22520 --- [main] com.alibaba.nacos.common.remote.client   : [4413ccd6-bdb3-4453-bacc-161e50109de5] Success to connect to server [192.168.68.101:8848] on start up, connectionId = 1721403379821_192.168.68.1_52876
15:15:26:692  INFO 22520 --- [com.alibaba.nacos.client.remote.worker] com.alibaba.nacos.common.remote.client   : [4413ccd6-bdb3-4453-bacc-161e50109de5] Notify connected event to listeners.
15:15:26:692  INFO 22520 --- [main] com.alibaba.nacos.common.remote.client   : [4413ccd6-bdb3-4453-bacc-161e50109de5] Register server push request handler:com.alibaba.nacos.common.remote.client.RpcClient$ConnectResetRequestHandler
15:15:26:693  INFO 22520 --- [main] com.alibaba.nacos.common.remote.client   : [4413ccd6-bdb3-4453-bacc-161e50109de5] Register server push request handler:com.alibaba.nacos.common.remote.client.RpcClient$$Lambda$975/0x0000000800745840
15:15:26:742  INFO 22520 --- [main] o.s.b.w.embedded.tomcat.TomcatWebServer  : Tomcat started on port(s): 8086 (http) with context path ''
15:15:26:752  INFO 22520 --- [main] c.a.c.n.registry.NacosServiceRegistry    : nacos registry, DEFAULT_GROUP pay-service 10.128.19.52:8086 register finished
15:15:27:224  INFO 22520 --- [nacos-grpc-client-executor-8] com.alibaba.nacos.common.remote.client   : [4413ccd6-bdb3-4453-bacc-161e50109de5] Receive server push request, request = NotifySubscriberRequest, requestId = 122
15:15:27:226  INFO 22520 --- [nacos-grpc-client-executor-8] com.alibaba.nacos.common.remote.client   : [4413ccd6-bdb3-4453-bacc-161e50109de5] Ack server push request, request = NotifySubscriberRequest, requestId = 122
15:15:27:860  INFO 22520 --- [main] d.s.w.p.DocumentationPluginsBootstrapper : Documentation plugins bootstrapped
15:15:27:863  INFO 22520 --- [main] d.s.w.p.DocumentationPluginsBootstrapper : Found 1 custom documentation plugin(s)
15:15:27:877  INFO 22520 --- [main] s.d.s.w.s.ApiListingReferenceScanner     : Scanning for api listing references
15:15:27:948  INFO 22520 --- [main] com.hmall.pay.PayApplication             : Started PayApplication in 11.796 seconds (JVM running for 13.494)
15:45:04:379  WARN 22520 --- [Thread-7] c.a.n.common.http.HttpClientBeanHolder   : [HttpClientBeanHolder] Start destroying common HttpClient
15:45:04:379  WARN 22520 --- [Thread-4] c.a.nacos.common.notify.NotifyCenter     : [NotifyCenter] Start destroying Publisher
15:45:04:380  WARN 22520 --- [Thread-4] c.a.nacos.common.notify.NotifyCenter     : [NotifyCenter] Destruction of the end
15:45:04:380  WARN 22520 --- [Thread-7] c.a.n.common.http.HttpClientBeanHolder   : [HttpClientBeanHolder] Destruction of the end
15:45:05:265  INFO 22520 --- [SpringApplicationShutdownHook] c.a.c.n.registry.NacosServiceRegistry    : De-registering from Nacos Server now...
15:45:05:271  INFO 22520 --- [SpringApplicationShutdownHook] c.a.c.n.registry.NacosServiceRegistry    : De-registration finished.
15:45:05:609  INFO 22520 --- [SpringApplicationShutdownHook] com.alibaba.nacos.common.remote.client   : Shutdown rpc client, set status to shutdown
15:45:05:610  INFO 22520 --- [SpringApplicationShutdownHook] com.alibaba.nacos.common.remote.client   : Shutdown client event executor java.util.concurrent.ScheduledThreadPoolExecutor@16d736ce[Running, pool size = 2, active threads = 2, queued tasks = 0, completed tasks = 0]
15:45:05:610  INFO 22520 --- [SpringApplicationShutdownHook] com.alibaba.nacos.common.remote.client   : Close current connection 1721403379821_192.168.68.1_52876
15:45:05:616  INFO 22520 --- [SpringApplicationShutdownHook] c.a.n.c.remote.client.grpc.GrpcClient    : Shutdown grpc executor java.util.concurrent.ThreadPoolExecutor@62929443[Running, pool size = 4, active threads = 0, queued tasks = 0, completed tasks = 382]
15:45:24:623  INFO 16792 --- [main] com.hmall.pay.PayApplication             : Starting PayApplication using Java 11 on dadaguai with PID 16792 (D:\developproject\IDEAproject\hmall\pay-service\target\classes started by 12086 in D:\developproject\IDEAproject\hmall)
15:45:24:625  INFO 16792 --- [main] com.hmall.pay.PayApplication             : The following 1 profile is active: "local"
15:45:25:451  INFO 16792 --- [main] o.s.cloud.context.scope.GenericScope     : BeanFactory id=95f17558-2e6c-3f52-9f76-b44cecec2a15
15:45:25:785  INFO 16792 --- [main] o.s.b.w.embedded.tomcat.TomcatWebServer  : Tomcat initialized with port(s): 8086 (http)
15:45:25:795  INFO 16792 --- [main] o.apache.catalina.core.StandardService   : Starting service [Tomcat]
15:45:25:795  INFO 16792 --- [main] org.apache.catalina.core.StandardEngine  : Starting Servlet engine: [Apache Tomcat/9.0.75]
15:45:25:899  INFO 16792 --- [main] o.a.c.c.C.[Tomcat].[localhost].[/]       : Initializing Spring embedded WebApplicationContext
15:45:25:899  INFO 16792 --- [main] w.s.c.ServletWebServerApplicationContext : Root WebApplicationContext: initialization completed in 1231 ms
15:45:26:103  INFO 16792 --- [main] o.s.c.openfeign.FeignClientFactoryBean   : For 'user-service' URL not provided. Will try picking an instance via load-balancing.
15:45:26:164  INFO 16792 --- [main] o.s.c.openfeign.FeignClientFactoryBean   : For 'trade-service' URL not provided. Will try picking an instance via load-balancing.
15:45:30:507  INFO 16792 --- [main] pertySourcedRequestMappingHandlerMapping : Mapped URL path [/v2/api-docs] onto method [springfox.documentation.swagger2.web.Swagger2ControllerWebMvc#getDocumentation(String, HttpServletRequest)]
15:45:32:308  INFO 16792 --- [main] com.alibaba.nacos.common.remote.client   : [RpcClientFactory] create a new rpc client of 12ad1fd9-3f58-4173-ae71-60c53840420c
15:45:32:350  INFO 16792 --- [main] org.reflections.Reflections              : Reflections took 21 ms to scan 1 urls, producing 3 keys and 6 values 
15:45:32:376  INFO 16792 --- [main] org.reflections.Reflections              : Reflections took 8 ms to scan 1 urls, producing 4 keys and 9 values 
15:45:32:388  INFO 16792 --- [main] org.reflections.Reflections              : Reflections took 8 ms to scan 1 urls, producing 3 keys and 10 values 
15:45:32:391  WARN 16792 --- [main] org.reflections.Reflections              : given scan urls are empty. set urls in the configuration
15:45:32:399  INFO 16792 --- [main] org.reflections.Reflections              : Reflections took 8 ms to scan 1 urls, producing 1 keys and 5 values 
15:45:32:411  INFO 16792 --- [main] org.reflections.Reflections              : Reflections took 9 ms to scan 1 urls, producing 1 keys and 7 values 
15:45:32:426  INFO 16792 --- [main] org.reflections.Reflections              : Reflections took 11 ms to scan 1 urls, producing 2 keys and 8 values 
15:45:32:428  WARN 16792 --- [main] org.reflections.Reflections              : given scan urls are empty. set urls in the configuration
15:45:32:429  INFO 16792 --- [main] com.alibaba.nacos.common.remote.client   : [12ad1fd9-3f58-4173-ae71-60c53840420c] RpcClient init label, labels = {module=naming, source=sdk}
15:45:32:432  INFO 16792 --- [main] com.alibaba.nacos.common.remote.client   : [12ad1fd9-3f58-4173-ae71-60c53840420c] RpcClient init, ServerListFactory = com.alibaba.nacos.client.naming.core.ServerListManager
15:45:32:432  INFO 16792 --- [main] com.alibaba.nacos.common.remote.client   : [12ad1fd9-3f58-4173-ae71-60c53840420c] Registry connection listener to current client:com.alibaba.nacos.client.naming.remote.gprc.redo.NamingGrpcRedoService
15:45:32:433  INFO 16792 --- [main] com.alibaba.nacos.common.remote.client   : [12ad1fd9-3f58-4173-ae71-60c53840420c] Register server push request handler:com.alibaba.nacos.client.naming.remote.gprc.NamingPushRequestHandler
15:45:32:435  INFO 16792 --- [main] com.alibaba.nacos.common.remote.client   : [12ad1fd9-3f58-4173-ae71-60c53840420c] Try to connect to server on start up, server: {serverIp = '192.168.68.101', server main port = 8848}
15:45:35:703  INFO 16792 --- [main] com.alibaba.nacos.common.remote.client   : [12ad1fd9-3f58-4173-ae71-60c53840420c] Success to connect to server [192.168.68.101:8848] on start up, connectionId = 1721405339585_192.168.68.1_54735
15:45:35:703  INFO 16792 --- [com.alibaba.nacos.client.remote.worker] com.alibaba.nacos.common.remote.client   : [12ad1fd9-3f58-4173-ae71-60c53840420c] Notify connected event to listeners.
15:45:35:704  INFO 16792 --- [main] com.alibaba.nacos.common.remote.client   : [12ad1fd9-3f58-4173-ae71-60c53840420c] Register server push request handler:com.alibaba.nacos.common.remote.client.RpcClient$ConnectResetRequestHandler
15:45:35:705  INFO 16792 --- [main] com.alibaba.nacos.common.remote.client   : [12ad1fd9-3f58-4173-ae71-60c53840420c] Register server push request handler:com.alibaba.nacos.common.remote.client.RpcClient$$Lambda$975/0x0000000800747040
15:45:35:745  INFO 16792 --- [main] o.s.b.w.embedded.tomcat.TomcatWebServer  : Tomcat started on port(s): 8086 (http) with context path ''
15:45:35:755  INFO 16792 --- [main] c.a.c.n.registry.NacosServiceRegistry    : nacos registry, DEFAULT_GROUP pay-service 10.128.19.52:8086 register finished
15:45:36:275  INFO 16792 --- [nacos-grpc-client-executor-9] com.alibaba.nacos.common.remote.client   : [12ad1fd9-3f58-4173-ae71-60c53840420c] Receive server push request, request = NotifySubscriberRequest, requestId = 137
15:45:36:277  INFO 16792 --- [nacos-grpc-client-executor-9] com.alibaba.nacos.common.remote.client   : [12ad1fd9-3f58-4173-ae71-60c53840420c] Ack server push request, request = NotifySubscriberRequest, requestId = 137
15:45:36:685  INFO 16792 --- [main] d.s.w.p.DocumentationPluginsBootstrapper : Documentation plugins bootstrapped
15:45:36:687  INFO 16792 --- [main] d.s.w.p.DocumentationPluginsBootstrapper : Found 1 custom documentation plugin(s)
15:45:36:700  INFO 16792 --- [main] s.d.s.w.s.ApiListingReferenceScanner     : Scanning for api listing references
15:45:36:759  INFO 16792 --- [main] com.hmall.pay.PayApplication             : Started PayApplication in 13.92 seconds (JVM running for 15.149)
15:57:01:173  INFO 16792 --- [http-nio-8086-exec-1] o.a.c.c.C.[Tomcat].[localhost].[/]       : Initializing Spring DispatcherServlet 'dispatcherServlet'
15:57:01:174  INFO 16792 --- [http-nio-8086-exec-1] o.s.web.servlet.DispatcherServlet        : Initializing Servlet 'dispatcherServlet'
15:57:01:175  INFO 16792 --- [http-nio-8086-exec-1] o.s.web.servlet.DispatcherServlet        : Completed initialization in 1 ms
15:57:07:156  INFO 16792 --- [http-nio-8086-exec-8] com.zaxxer.hikari.HikariDataSource       : HikariPool-1 - Starting...
15:57:07:427  INFO 16792 --- [http-nio-8086-exec-8] com.zaxxer.hikari.HikariDataSource       : HikariPool-1 - Start completed.
16:44:34:171  INFO 16792 --- [com.alibaba.nacos.client.remote.worker] com.alibaba.nacos.common.remote.client   : [12ad1fd9-3f58-4173-ae71-60c53840420c] Server healthy check fail, currentConnection = 1721405339585_192.168.68.1_54735
16:44:34:177  INFO 16792 --- [com.alibaba.nacos.client.remote.worker] com.alibaba.nacos.common.remote.client   : [12ad1fd9-3f58-4173-ae71-60c53840420c] Try to reconnect to a new server, server is  not appointed, will choose a random server.
16:44:37:198 ERROR 16792 --- [com.alibaba.nacos.client.remote.worker] c.a.n.c.remote.client.grpc.GrpcClient    : Server check fail, please check server 192.168.68.101 ,port 9848 is available , error ={}

java.util.concurrent.TimeoutException: Waited 3000 milliseconds (plus 9 milliseconds, 82800 nanoseconds delay) for com.alibaba.nacos.shaded.io.grpc.stub.ClientCalls$GrpcFuture@6291be7b[status=PENDING, info=[GrpcFuture{clientCall={delegate={delegate=ClientCallImpl{method=MethodDescriptor{fullMethodName=Request/request, type=UNARY, idempotent=false, safe=false, sampledToLocalTracing=true, requestMarshaller=com.alibaba.nacos.shaded.io.grpc.protobuf.lite.ProtoLiteUtils$MessageMarshaller@614923a1, responseMarshaller=com.alibaba.nacos.shaded.io.grpc.protobuf.lite.ProtoLiteUtils$MessageMarshaller@1541eca, schemaDescriptor=com.alibaba.nacos.api.grpc.auto.RequestGrpc$RequestMethodDescriptorSupplier@620fc23f}}}}}]]
	at com.alibaba.nacos.shaded.com.google.common.util.concurrent.AbstractFuture.get(AbstractFuture.java:508) ~[nacos-client-2.0.4.jar:na]
	at com.alibaba.nacos.common.remote.client.grpc.GrpcClient.serverCheck(GrpcClient.java:148) ~[nacos-client-2.0.4.jar:na]
	at com.alibaba.nacos.common.remote.client.grpc.GrpcClient.connectToServer(GrpcClient.java:264) ~[nacos-client-2.0.4.jar:na]
	at com.alibaba.nacos.common.remote.client.RpcClient.reconnect(RpcClient.java:522) ~[nacos-client-2.0.4.jar:na]
	at com.alibaba.nacos.common.remote.client.RpcClient.lambda$start$2(RpcClient.java:370) ~[nacos-client-2.0.4.jar:na]
	at java.base/java.util.concurrent.Executors$RunnableAdapter.call(Executors.java:515) ~[na:na]
	at java.base/java.util.concurrent.FutureTask.run(FutureTask.java:264) ~[na:na]
	at java.base/java.util.concurrent.ScheduledThreadPoolExecutor$ScheduledFutureTask.run(ScheduledThreadPoolExecutor.java:304) ~[na:na]
	at java.base/java.util.concurrent.ThreadPoolExecutor.runWorker(ThreadPoolExecutor.java:1128) ~[na:na]
	at java.base/java.util.concurrent.ThreadPoolExecutor$Worker.run(ThreadPoolExecutor.java:628) ~[na:na]
	at java.base/java.lang.Thread.run(Thread.java:834) ~[na:na]

16:44:39:252 ERROR 16792 --- [com.alibaba.nacos.client.naming.updater.1] com.alibaba.nacos.common.remote.client   : Send request fail, request = ServiceQueryRequest{headers={app=unknown}, requestId='null'}, retryTimes = 0, errorMessage = Client not connected, current status:UNHEALTHY
16:44:39:361 ERROR 16792 --- [com.alibaba.nacos.client.naming.updater.1] com.alibaba.nacos.common.remote.client   : Send request fail, request = ServiceQueryRequest{headers={app=unknown}, requestId='null'}, retryTimes = 1, errorMessage = Client not connected, current status:UNHEALTHY
16:44:39:470 ERROR 16792 --- [com.alibaba.nacos.client.naming.updater.1] com.alibaba.nacos.common.remote.client   : Send request fail, request = ServiceQueryRequest{headers={app=unknown}, requestId='null'}, retryTimes = 2, errorMessage = Client not connected, current status:UNHEALTHY
16:44:40:329 ERROR 16792 --- [com.alibaba.nacos.client.remote.worker] c.a.n.c.remote.client.grpc.GrpcClient    : Server check fail, please check server 192.168.68.101 ,port 9848 is available , error ={}

java.util.concurrent.TimeoutException: Waited 3000 milliseconds (plus 11 milliseconds, 141200 nanoseconds delay) for com.alibaba.nacos.shaded.io.grpc.stub.ClientCalls$GrpcFuture@19a8f9d6[status=PENDING, info=[GrpcFuture{clientCall={delegate={delegate=ClientCallImpl{method=MethodDescriptor{fullMethodName=Request/request, type=UNARY, idempotent=false, safe=false, sampledToLocalTracing=true, requestMarshaller=com.alibaba.nacos.shaded.io.grpc.protobuf.lite.ProtoLiteUtils$MessageMarshaller@614923a1, responseMarshaller=com.alibaba.nacos.shaded.io.grpc.protobuf.lite.ProtoLiteUtils$MessageMarshaller@1541eca, schemaDescriptor=com.alibaba.nacos.api.grpc.auto.RequestGrpc$RequestMethodDescriptorSupplier@620fc23f}}}}}]]
	at com.alibaba.nacos.shaded.com.google.common.util.concurrent.AbstractFuture.get(AbstractFuture.java:508) ~[nacos-client-2.0.4.jar:na]
	at com.alibaba.nacos.common.remote.client.grpc.GrpcClient.serverCheck(GrpcClient.java:148) ~[nacos-client-2.0.4.jar:na]
	at com.alibaba.nacos.common.remote.client.grpc.GrpcClient.connectToServer(GrpcClient.java:264) ~[nacos-client-2.0.4.jar:na]
	at com.alibaba.nacos.common.remote.client.RpcClient.reconnect(RpcClient.java:522) ~[nacos-client-2.0.4.jar:na]
	at com.alibaba.nacos.common.remote.client.RpcClient.lambda$start$2(RpcClient.java:370) ~[nacos-client-2.0.4.jar:na]
	at java.base/java.util.concurrent.Executors$RunnableAdapter.call(Executors.java:515) ~[na:na]
	at java.base/java.util.concurrent.FutureTask.run(FutureTask.java:264) ~[na:na]
	at java.base/java.util.concurrent.ScheduledThreadPoolExecutor$ScheduledFutureTask.run(ScheduledThreadPoolExecutor.java:304) ~[na:na]
	at java.base/java.util.concurrent.ThreadPoolExecutor.runWorker(ThreadPoolExecutor.java:1128) ~[na:na]
	at java.base/java.util.concurrent.ThreadPoolExecutor$Worker.run(ThreadPoolExecutor.java:628) ~[na:na]
	at java.base/java.lang.Thread.run(Thread.java:834) ~[na:na]

16:44:40:330  INFO 16792 --- [com.alibaba.nacos.client.remote.worker] com.alibaba.nacos.common.remote.client   : [12ad1fd9-3f58-4173-ae71-60c53840420c] Fail to connect server, after trying 1 times, last try server is {serverIp = '192.168.68.101', server main port = 8848}, error = unknown
16:44:41:590 ERROR 16792 --- [com.alibaba.nacos.client.naming.updater.1] com.alibaba.nacos.common.remote.client   : Send request fail, request = ServiceQueryRequest{headers={app=unknown}, requestId='null'}, retryTimes = 0, errorMessage = Client not connected, current status:UNHEALTHY
16:44:41:699 ERROR 16792 --- [com.alibaba.nacos.client.naming.updater.1] com.alibaba.nacos.common.remote.client   : Send request fail, request = ServiceQueryRequest{headers={app=unknown}, requestId='null'}, retryTimes = 1, errorMessage = Client not connected, current status:UNHEALTHY
16:44:41:808 ERROR 16792 --- [com.alibaba.nacos.client.naming.updater.1] com.alibaba.nacos.common.remote.client   : Send request fail, request = ServiceQueryRequest{headers={app=unknown}, requestId='null'}, retryTimes = 2, errorMessage = Client not connected, current status:UNHEALTHY
16:44:43:540 ERROR 16792 --- [com.alibaba.nacos.client.remote.worker] c.a.n.c.remote.client.grpc.GrpcClient    : Server check fail, please check server 192.168.68.101 ,port 9848 is available , error ={}

java.util.concurrent.TimeoutException: Waited 3000 milliseconds (plus 8 milliseconds, 224500 nanoseconds delay) for com.alibaba.nacos.shaded.io.grpc.stub.ClientCalls$GrpcFuture@47e892ed[status=PENDING, info=[GrpcFuture{clientCall={delegate={delegate=ClientCallImpl{method=MethodDescriptor{fullMethodName=Request/request, type=UNARY, idempotent=false, safe=false, sampledToLocalTracing=true, requestMarshaller=com.alibaba.nacos.shaded.io.grpc.protobuf.lite.ProtoLiteUtils$MessageMarshaller@614923a1, responseMarshaller=com.alibaba.nacos.shaded.io.grpc.protobuf.lite.ProtoLiteUtils$MessageMarshaller@1541eca, schemaDescriptor=com.alibaba.nacos.api.grpc.auto.RequestGrpc$RequestMethodDescriptorSupplier@620fc23f}}}}}]]
	at com.alibaba.nacos.shaded.com.google.common.util.concurrent.AbstractFuture.get(AbstractFuture.java:508) ~[nacos-client-2.0.4.jar:na]
	at com.alibaba.nacos.common.remote.client.grpc.GrpcClient.serverCheck(GrpcClient.java:148) ~[nacos-client-2.0.4.jar:na]
	at com.alibaba.nacos.common.remote.client.grpc.GrpcClient.connectToServer(GrpcClient.java:264) ~[nacos-client-2.0.4.jar:na]
	at com.alibaba.nacos.common.remote.client.RpcClient.reconnect(RpcClient.java:522) ~[nacos-client-2.0.4.jar:na]
	at com.alibaba.nacos.common.remote.client.RpcClient.lambda$start$2(RpcClient.java:370) ~[nacos-client-2.0.4.jar:na]
	at java.base/java.util.concurrent.Executors$RunnableAdapter.call(Executors.java:515) ~[na:na]
	at java.base/java.util.concurrent.FutureTask.run(FutureTask.java:264) ~[na:na]
	at java.base/java.util.concurrent.ScheduledThreadPoolExecutor$ScheduledFutureTask.run(ScheduledThreadPoolExecutor.java:304) ~[na:na]
	at java.base/java.util.concurrent.ThreadPoolExecutor.runWorker(ThreadPoolExecutor.java:1128) ~[na:na]
	at java.base/java.util.concurrent.ThreadPoolExecutor$Worker.run(ThreadPoolExecutor.java:628) ~[na:na]
	at java.base/java.lang.Thread.run(Thread.java:834) ~[na:na]

16:44:43:541  INFO 16792 --- [com.alibaba.nacos.client.remote.worker] com.alibaba.nacos.common.remote.client   : [12ad1fd9-3f58-4173-ae71-60c53840420c] Fail to connect server, after trying 2 times, last try server is {serverIp = '192.168.68.101', server main port = 8848}, error = unknown
16:44:45:922 ERROR 16792 --- [com.alibaba.nacos.client.naming.updater.4] com.alibaba.nacos.common.remote.client   : Send request fail, request = ServiceQueryRequest{headers={app=unknown}, requestId='null'}, retryTimes = 0, errorMessage = Client not connected, current status:UNHEALTHY
16:44:46:032 ERROR 16792 --- [com.alibaba.nacos.client.naming.updater.4] com.alibaba.nacos.common.remote.client   : Send request fail, request = ServiceQueryRequest{headers={app=unknown}, requestId='null'}, retryTimes = 1, errorMessage = Client not connected, current status:UNHEALTHY
16:44:46:141 ERROR 16792 --- [com.alibaba.nacos.client.naming.updater.4] com.alibaba.nacos.common.remote.client   : Send request fail, request = ServiceQueryRequest{headers={app=unknown}, requestId='null'}, retryTimes = 2, errorMessage = Client not connected, current status:UNHEALTHY
16:44:46:858 ERROR 16792 --- [com.alibaba.nacos.client.remote.worker] c.a.n.c.remote.client.grpc.GrpcClient    : Server check fail, please check server 192.168.68.101 ,port 9848 is available , error ={}

java.util.concurrent.TimeoutException: Waited 3000 milliseconds (plus 8 milliseconds, 568000 nanoseconds delay) for com.alibaba.nacos.shaded.io.grpc.stub.ClientCalls$GrpcFuture@74694149[status=PENDING, info=[GrpcFuture{clientCall={delegate={delegate=ClientCallImpl{method=MethodDescriptor{fullMethodName=Request/request, type=UNARY, idempotent=false, safe=false, sampledToLocalTracing=true, requestMarshaller=com.alibaba.nacos.shaded.io.grpc.protobuf.lite.ProtoLiteUtils$MessageMarshaller@614923a1, responseMarshaller=com.alibaba.nacos.shaded.io.grpc.protobuf.lite.ProtoLiteUtils$MessageMarshaller@1541eca, schemaDescriptor=com.alibaba.nacos.api.grpc.auto.RequestGrpc$RequestMethodDescriptorSupplier@620fc23f}}}}}]]
	at com.alibaba.nacos.shaded.com.google.common.util.concurrent.AbstractFuture.get(AbstractFuture.java:508) ~[nacos-client-2.0.4.jar:na]
	at com.alibaba.nacos.common.remote.client.grpc.GrpcClient.serverCheck(GrpcClient.java:148) ~[nacos-client-2.0.4.jar:na]
	at com.alibaba.nacos.common.remote.client.grpc.GrpcClient.connectToServer(GrpcClient.java:264) ~[nacos-client-2.0.4.jar:na]
	at com.alibaba.nacos.common.remote.client.RpcClient.reconnect(RpcClient.java:522) ~[nacos-client-2.0.4.jar:na]
	at com.alibaba.nacos.common.remote.client.RpcClient.lambda$start$2(RpcClient.java:370) ~[nacos-client-2.0.4.jar:na]
	at java.base/java.util.concurrent.Executors$RunnableAdapter.call(Executors.java:515) ~[na:na]
	at java.base/java.util.concurrent.FutureTask.run(FutureTask.java:264) ~[na:na]
	at java.base/java.util.concurrent.ScheduledThreadPoolExecutor$ScheduledFutureTask.run(ScheduledThreadPoolExecutor.java:304) ~[na:na]
	at java.base/java.util.concurrent.ThreadPoolExecutor.runWorker(ThreadPoolExecutor.java:1128) ~[na:na]
	at java.base/java.util.concurrent.ThreadPoolExecutor$Worker.run(ThreadPoolExecutor.java:628) ~[na:na]
	at java.base/java.lang.Thread.run(Thread.java:834) ~[na:na]

16:44:46:858  INFO 16792 --- [com.alibaba.nacos.client.remote.worker] com.alibaba.nacos.common.remote.client   : [12ad1fd9-3f58-4173-ae71-60c53840420c] Fail to connect server, after trying 3 times, last try server is {serverIp = '192.168.68.101', server main port = 8848}, error = unknown
