14:53:26:232  INFO 3640 --- [main] com.hmall.item.ItemApplication           : Starting ItemApplication using Java 11 on dadaguai with PID 3640 (D:\developproject\IDEAproject\hmall\item-service\target\classes started by 12086 in D:\developproject\IDEAproject\hmall)
14:53:26:236 DEBUG 3640 --- [main] com.hmall.item.ItemApplication           : Running with Spring Boot v2.7.12, Spring v5.3.27
14:53:26:236  INFO 3640 --- [main] com.hmall.item.ItemApplication           : The following 1 profile is active: "local"
14:53:26:822  INFO 3640 --- [main] o.s.cloud.context.scope.GenericScope     : BeanFactory id=c414497b-08ec-3e5c-a252-0da90406e5b8
14:53:27:037  INFO 3640 --- [main] o.s.b.w.embedded.tomcat.TomcatWebServer  : Tomcat initialized with port(s): 8081 (http)
14:53:27:045  INFO 3640 --- [main] o.apache.catalina.core.StandardService   : Starting service [Tomcat]
14:53:27:045  INFO 3640 --- [main] org.apache.catalina.core.StandardEngine  : Starting Servlet engine: [Apache Tomcat/9.0.75]
14:53:27:106  INFO 3640 --- [main] o.a.c.c.C.[Tomcat].[localhost].[/]       : Initializing Spring embedded WebApplicationContext
14:53:27:107  INFO 3640 --- [main] w.s.c.ServletWebServerApplicationContext : Root WebApplicationContext: initialization completed in 846 ms
14:53:29:500  INFO 3640 --- [main] pertySourcedRequestMappingHandlerMapping : Mapped URL path [/v2/api-docs] onto method [springfox.documentation.swagger2.web.Swagger2ControllerWebMvc#getDocumentation(String, HttpServletRequest)]
14:53:30:171  INFO 3640 --- [main] com.alibaba.nacos.common.remote.client   : [RpcClientFactory] create a new rpc client of a64ff058-a126-41f3-ada1-9d2ad22ae7d8
14:53:30:195  INFO 3640 --- [main] org.reflections.Reflections              : Reflections took 15 ms to scan 1 urls, producing 3 keys and 6 values 
14:53:30:210  INFO 3640 --- [main] org.reflections.Reflections              : Reflections took 6 ms to scan 1 urls, producing 4 keys and 9 values 
14:53:30:217  INFO 3640 --- [main] org.reflections.Reflections              : Reflections took 4 ms to scan 1 urls, producing 3 keys and 10 values 
14:53:30:219  WARN 3640 --- [main] org.reflections.Reflections              : given scan urls are empty. set urls in the configuration
14:53:30:223  INFO 3640 --- [main] org.reflections.Reflections              : Reflections took 4 ms to scan 1 urls, producing 1 keys and 5 values 
14:53:30:230  INFO 3640 --- [main] org.reflections.Reflections              : Reflections took 5 ms to scan 1 urls, producing 1 keys and 7 values 
14:53:30:235  INFO 3640 --- [main] org.reflections.Reflections              : Reflections took 4 ms to scan 1 urls, producing 2 keys and 8 values 
14:53:30:236  WARN 3640 --- [main] org.reflections.Reflections              : given scan urls are empty. set urls in the configuration
14:53:30:237  INFO 3640 --- [main] com.alibaba.nacos.common.remote.client   : [a64ff058-a126-41f3-ada1-9d2ad22ae7d8] RpcClient init label, labels = {module=naming, source=sdk}
14:53:30:238  INFO 3640 --- [main] com.alibaba.nacos.common.remote.client   : [a64ff058-a126-41f3-ada1-9d2ad22ae7d8] RpcClient init, ServerListFactory = com.alibaba.nacos.client.naming.core.ServerListManager
14:53:30:238  INFO 3640 --- [main] com.alibaba.nacos.common.remote.client   : [a64ff058-a126-41f3-ada1-9d2ad22ae7d8] Registry connection listener to current client:com.alibaba.nacos.client.naming.remote.gprc.redo.NamingGrpcRedoService
14:53:30:238  INFO 3640 --- [main] com.alibaba.nacos.common.remote.client   : [a64ff058-a126-41f3-ada1-9d2ad22ae7d8] Register server push request handler:com.alibaba.nacos.client.naming.remote.gprc.NamingPushRequestHandler
14:53:30:239  INFO 3640 --- [main] com.alibaba.nacos.common.remote.client   : [a64ff058-a126-41f3-ada1-9d2ad22ae7d8] Try to connect to server on start up, server: {serverIp = '192.168.68.101', server main port = 8848}
14:53:32:123  INFO 3640 --- [main] com.alibaba.nacos.common.remote.client   : [a64ff058-a126-41f3-ada1-9d2ad22ae7d8] Success to connect to server [192.168.68.101:8848] on start up, connectionId = 1720767212168_192.168.68.1_65345
14:53:32:123  INFO 3640 --- [com.alibaba.nacos.client.remote.worker] com.alibaba.nacos.common.remote.client   : [a64ff058-a126-41f3-ada1-9d2ad22ae7d8] Notify connected event to listeners.
14:53:32:124  INFO 3640 --- [main] com.alibaba.nacos.common.remote.client   : [a64ff058-a126-41f3-ada1-9d2ad22ae7d8] Register server push request handler:com.alibaba.nacos.common.remote.client.RpcClient$ConnectResetRequestHandler
14:53:32:125  INFO 3640 --- [main] com.alibaba.nacos.common.remote.client   : [a64ff058-a126-41f3-ada1-9d2ad22ae7d8] Register server push request handler:com.alibaba.nacos.common.remote.client.RpcClient$$Lambda$899/0x000000080068cc40
14:53:32:168  INFO 3640 --- [main] o.s.b.w.embedded.tomcat.TomcatWebServer  : Tomcat started on port(s): 8081 (http) with context path ''
14:53:32:177  INFO 3640 --- [main] c.a.c.n.registry.NacosServiceRegistry    : nacos registry, DEFAULT_GROUP item-service 10.128.18.38:8081 register finished
14:53:32:678  INFO 3640 --- [nacos-grpc-client-executor-9] com.alibaba.nacos.common.remote.client   : [a64ff058-a126-41f3-ada1-9d2ad22ae7d8] Receive server push request, request = NotifySubscriberRequest, requestId = 7
14:53:32:679  INFO 3640 --- [nacos-grpc-client-executor-9] com.alibaba.nacos.common.remote.client   : [a64ff058-a126-41f3-ada1-9d2ad22ae7d8] Ack server push request, request = NotifySubscriberRequest, requestId = 7
14:53:32:805  INFO 3640 --- [main] d.s.w.p.DocumentationPluginsBootstrapper : Documentation plugins bootstrapped
14:53:32:807  INFO 3640 --- [main] d.s.w.p.DocumentationPluginsBootstrapper : Found 1 custom documentation plugin(s)
14:53:32:837  INFO 3640 --- [main] s.d.s.w.s.ApiListingReferenceScanner     : Scanning for api listing references
14:53:32:923  INFO 3640 --- [main] com.hmall.item.ItemApplication           : Started ItemApplication in 7.611 seconds (JVM running for 8.475)
14:53:37:727  INFO 3640 --- [http-nio-8081-exec-2] o.a.c.c.C.[Tomcat].[localhost].[/]       : Initializing Spring DispatcherServlet 'dispatcherServlet'
14:53:37:727  INFO 3640 --- [http-nio-8081-exec-2] o.s.web.servlet.DispatcherServlet        : Initializing Servlet 'dispatcherServlet'
14:53:37:728  INFO 3640 --- [http-nio-8081-exec-2] o.s.web.servlet.DispatcherServlet        : Completed initialization in 1 ms
14:53:37:801  INFO 3640 --- [http-nio-8081-exec-2] com.zaxxer.hikari.HikariDataSource       : HikariPool-1 - Starting...
14:53:38:020  INFO 3640 --- [http-nio-8081-exec-2] com.zaxxer.hikari.HikariDataSource       : HikariPool-1 - Start completed.
14:53:38:025 DEBUG 3640 --- [http-nio-8081-exec-2] c.h.i.m.ItemMapper.selectPage_mpCount    : ==>  Preparing: SELECT COUNT(*) FROM item
14:53:38:035 DEBUG 3640 --- [http-nio-8081-exec-2] c.h.i.m.ItemMapper.selectPage_mpCount    : ==> Parameters: 
14:53:38:055 DEBUG 3640 --- [http-nio-8081-exec-2] c.h.i.m.ItemMapper.selectPage_mpCount    : <==      Total: 1
14:53:38:061 DEBUG 3640 --- [http-nio-8081-exec-2] c.h.item.mapper.ItemMapper.selectPage    : ==>  Preparing: SELECT id, name, price, stock, image, category, brand, spec, sold, comment_count, isAD, status, create_time, update_time, creater, updater FROM item ORDER BY update_time DESC LIMIT ?
14:53:38:062 DEBUG 3640 --- [http-nio-8081-exec-2] c.h.item.mapper.ItemMapper.selectPage    : ==> Parameters: 1(Long)
14:53:38:065 DEBUG 3640 --- [http-nio-8081-exec-2] c.h.item.mapper.ItemMapper.selectPage    : <==      Total: 1
14:55:34:125  WARN 3640 --- [Thread-7] c.a.n.common.http.HttpClientBeanHolder   : [HttpClientBeanHolder] Start destroying common HttpClient
14:55:34:125  WARN 3640 --- [Thread-4] c.a.nacos.common.notify.NotifyCenter     : [NotifyCenter] Start destroying Publisher
14:55:34:125  WARN 3640 --- [Thread-4] c.a.nacos.common.notify.NotifyCenter     : [NotifyCenter] Destruction of the end
14:55:34:126  WARN 3640 --- [Thread-7] c.a.n.common.http.HttpClientBeanHolder   : [HttpClientBeanHolder] Destruction of the end
14:55:34:551  INFO 3640 --- [SpringApplicationShutdownHook] c.a.c.n.registry.NacosServiceRegistry    : De-registering from Nacos Server now...
14:55:34:556  INFO 3640 --- [SpringApplicationShutdownHook] c.a.c.n.registry.NacosServiceRegistry    : De-registration finished.
14:55:34:882  INFO 3640 --- [SpringApplicationShutdownHook] com.alibaba.nacos.common.remote.client   : Shutdown rpc client, set status to shutdown
14:55:34:882  INFO 3640 --- [SpringApplicationShutdownHook] com.alibaba.nacos.common.remote.client   : Shutdown client event executor java.util.concurrent.ScheduledThreadPoolExecutor@de10366[Running, pool size = 2, active threads = 2, queued tasks = 0, completed tasks = 0]
14:55:34:882  INFO 3640 --- [SpringApplicationShutdownHook] com.alibaba.nacos.common.remote.client   : Close current connection 1720767212168_192.168.68.1_65345
14:55:34:883  INFO 3640 --- [nacos-grpc-client-executor-41] c.a.n.c.remote.client.grpc.GrpcClient    : [1720767212168_192.168.68.1_65345]Ignore complete event,isRunning:false,isAbandon=false
14:55:34:885  INFO 3640 --- [SpringApplicationShutdownHook] c.a.n.c.remote.client.grpc.GrpcClient    : Shutdown grpc executor java.util.concurrent.ThreadPoolExecutor@43cbc3d[Running, pool size = 8, active threads = 0, queued tasks = 0, completed tasks = 42]
14:55:34:888  INFO 3640 --- [SpringApplicationShutdownHook] com.zaxxer.hikari.HikariDataSource       : HikariPool-1 - Shutdown initiated...
14:55:34:898  INFO 3640 --- [SpringApplicationShutdownHook] com.zaxxer.hikari.HikariDataSource       : HikariPool-1 - Shutdown completed.
