14:47:29:910  INFO 20964 --- [main] com.hmall.user.UserApplication           : Starting UserApplication using Java 11 on dadaguai with PID 20964 (D:\developproject\IDEAproject\hmall\user-service\target\classes started by 12086 in D:\developproject\IDEAproject\hmall)
14:47:29:917  INFO 20964 --- [main] com.hmall.user.UserApplication           : The following 1 profile is active: "local"
14:47:30:917  INFO 20964 --- [main] o.s.cloud.context.scope.GenericScope     : BeanFactory id=cd8fcd4b-194c-3a5a-9afd-6c8f2854e5c1
14:47:31:273  INFO 20964 --- [main] o.s.b.w.embedded.tomcat.TomcatWebServer  : Tomcat initialized with port(s): 8084 (http)
14:47:31:288  INFO 20964 --- [main] o.apache.catalina.core.StandardService   : Starting service [Tomcat]
14:47:31:289  INFO 20964 --- [main] org.apache.catalina.core.StandardEngine  : Starting Servlet engine: [Apache Tomcat/9.0.75]
14:47:31:418  INFO 20964 --- [main] o.a.c.c.C.[Tomcat].[localhost].[/]       : Initializing Spring embedded WebApplicationContext
14:47:31:418  INFO 20964 --- [main] w.s.c.ServletWebServerApplicationContext : Root WebApplicationContext: initialization completed in 1450 ms
14:47:36:576  INFO 20964 --- [main] pertySourcedRequestMappingHandlerMapping : Mapped URL path [/v2/api-docs] onto method [springfox.documentation.swagger2.web.Swagger2ControllerWebMvc#getDocumentation(String, HttpServletRequest)]
14:47:37:933  INFO 20964 --- [main] com.alibaba.nacos.common.remote.client   : [RpcClientFactory] create a new rpc client of e310cd32-da39-478a-955d-cc38e2efdc3e
14:47:37:981  INFO 20964 --- [main] org.reflections.Reflections              : Reflections took 27 ms to scan 1 urls, producing 3 keys and 6 values 
14:47:38:009  INFO 20964 --- [main] org.reflections.Reflections              : Reflections took 10 ms to scan 1 urls, producing 4 keys and 9 values 
14:47:38:020  INFO 20964 --- [main] org.reflections.Reflections              : Reflections took 7 ms to scan 1 urls, producing 3 keys and 10 values 
14:47:38:034  WARN 20964 --- [main] org.reflections.Reflections              : given scan urls are empty. set urls in the configuration
14:47:38:044  INFO 20964 --- [main] org.reflections.Reflections              : Reflections took 8 ms to scan 1 urls, producing 1 keys and 5 values 
14:47:38:054  INFO 20964 --- [main] org.reflections.Reflections              : Reflections took 8 ms to scan 1 urls, producing 1 keys and 7 values 
14:47:38:063  INFO 20964 --- [main] org.reflections.Reflections              : Reflections took 6 ms to scan 1 urls, producing 2 keys and 8 values 
14:47:38:066  WARN 20964 --- [main] org.reflections.Reflections              : given scan urls are empty. set urls in the configuration
14:47:38:067  INFO 20964 --- [main] com.alibaba.nacos.common.remote.client   : [e310cd32-da39-478a-955d-cc38e2efdc3e] RpcClient init label, labels = {module=naming, source=sdk}
14:47:38:068  INFO 20964 --- [main] com.alibaba.nacos.common.remote.client   : [e310cd32-da39-478a-955d-cc38e2efdc3e] RpcClient init, ServerListFactory = com.alibaba.nacos.client.naming.core.ServerListManager
14:47:38:068  INFO 20964 --- [main] com.alibaba.nacos.common.remote.client   : [e310cd32-da39-478a-955d-cc38e2efdc3e] Registry connection listener to current client:com.alibaba.nacos.client.naming.remote.gprc.redo.NamingGrpcRedoService
14:47:38:069  INFO 20964 --- [main] com.alibaba.nacos.common.remote.client   : [e310cd32-da39-478a-955d-cc38e2efdc3e] Register server push request handler:com.alibaba.nacos.client.naming.remote.gprc.NamingPushRequestHandler
14:47:38:071  INFO 20964 --- [main] com.alibaba.nacos.common.remote.client   : [e310cd32-da39-478a-955d-cc38e2efdc3e] Try to connect to server on start up, server: {serverIp = '192.168.68.101', server main port = 8848}
14:47:41:241  INFO 20964 --- [main] com.alibaba.nacos.common.remote.client   : [e310cd32-da39-478a-955d-cc38e2efdc3e] Success to connect to server [192.168.68.101:8848] on start up, connectionId = 1721401575550_192.168.68.1_50076
14:47:41:241  INFO 20964 --- [com.alibaba.nacos.client.remote.worker] com.alibaba.nacos.common.remote.client   : [e310cd32-da39-478a-955d-cc38e2efdc3e] Notify connected event to listeners.
14:47:41:242  INFO 20964 --- [main] com.alibaba.nacos.common.remote.client   : [e310cd32-da39-478a-955d-cc38e2efdc3e] Register server push request handler:com.alibaba.nacos.common.remote.client.RpcClient$ConnectResetRequestHandler
14:47:41:242  INFO 20964 --- [main] com.alibaba.nacos.common.remote.client   : [e310cd32-da39-478a-955d-cc38e2efdc3e] Register server push request handler:com.alibaba.nacos.common.remote.client.RpcClient$$Lambda$951/0x000000080071c440
14:47:41:287  INFO 20964 --- [main] o.s.b.w.embedded.tomcat.TomcatWebServer  : Tomcat started on port(s): 8084 (http) with context path ''
14:47:41:304  INFO 20964 --- [main] c.a.c.n.registry.NacosServiceRegistry    : nacos registry, DEFAULT_GROUP user-service 10.128.19.52:8084 register finished
14:47:41:770  INFO 20964 --- [nacos-grpc-client-executor-9] com.alibaba.nacos.common.remote.client   : [e310cd32-da39-478a-955d-cc38e2efdc3e] Receive server push request, request = NotifySubscriberRequest, requestId = 99
14:47:41:772  INFO 20964 --- [nacos-grpc-client-executor-9] com.alibaba.nacos.common.remote.client   : [e310cd32-da39-478a-955d-cc38e2efdc3e] Ack server push request, request = NotifySubscriberRequest, requestId = 99
14:47:42:080  INFO 20964 --- [main] d.s.w.p.DocumentationPluginsBootstrapper : Documentation plugins bootstrapped
14:47:42:082  INFO 20964 --- [main] d.s.w.p.DocumentationPluginsBootstrapper : Found 1 custom documentation plugin(s)
14:47:42:097  INFO 20964 --- [main] s.d.s.w.s.ApiListingReferenceScanner     : Scanning for api listing references
14:47:42:168  INFO 20964 --- [main] com.hmall.user.UserApplication           : Started UserApplication in 13.906 seconds (JVM running for 15.121)
15:00:44:732  INFO 20964 --- [http-nio-8084-exec-1] o.a.c.c.C.[Tomcat].[localhost].[/]       : Initializing Spring DispatcherServlet 'dispatcherServlet'
15:00:44:733  INFO 20964 --- [http-nio-8084-exec-1] o.s.web.servlet.DispatcherServlet        : Initializing Servlet 'dispatcherServlet'
15:00:44:737  INFO 20964 --- [http-nio-8084-exec-1] o.s.web.servlet.DispatcherServlet        : Completed initialization in 4 ms
15:00:44:863  INFO 20964 --- [http-nio-8084-exec-1] com.zaxxer.hikari.HikariDataSource       : HikariPool-1 - Starting...
15:00:45:080  INFO 20964 --- [http-nio-8084-exec-1] com.zaxxer.hikari.HikariDataSource       : HikariPool-1 - Start completed.
15:15:02:378  WARN 20964 --- [Thread-4] c.a.nacos.common.notify.NotifyCenter     : [NotifyCenter] Start destroying Publisher
15:15:02:378  WARN 20964 --- [Thread-4] c.a.nacos.common.notify.NotifyCenter     : [NotifyCenter] Destruction of the end
15:15:02:378  WARN 20964 --- [Thread-7] c.a.n.common.http.HttpClientBeanHolder   : [HttpClientBeanHolder] Start destroying common HttpClient
15:15:02:379  WARN 20964 --- [Thread-7] c.a.n.common.http.HttpClientBeanHolder   : [HttpClientBeanHolder] Destruction of the end
15:15:03:222  INFO 20964 --- [SpringApplicationShutdownHook] c.a.c.n.registry.NacosServiceRegistry    : De-registering from Nacos Server now...
15:15:03:226  INFO 20964 --- [SpringApplicationShutdownHook] c.a.c.n.registry.NacosServiceRegistry    : De-registration finished.
15:15:03:562  INFO 20964 --- [SpringApplicationShutdownHook] com.alibaba.nacos.common.remote.client   : Shutdown rpc client, set status to shutdown
15:15:03:562  INFO 20964 --- [SpringApplicationShutdownHook] com.alibaba.nacos.common.remote.client   : Shutdown client event executor java.util.concurrent.ScheduledThreadPoolExecutor@60dd3942[Running, pool size = 2, active threads = 2, queued tasks = 0, completed tasks = 0]
15:15:03:562  INFO 20964 --- [SpringApplicationShutdownHook] com.alibaba.nacos.common.remote.client   : Close current connection 1721401575550_192.168.68.1_50076
15:15:03:568  INFO 20964 --- [SpringApplicationShutdownHook] c.a.n.c.remote.client.grpc.GrpcClient    : Shutdown grpc executor java.util.concurrent.ThreadPoolExecutor@66011fa3[Running, pool size = 6, active threads = 1, queued tasks = 0, completed tasks = 360]
15:15:03:570  INFO 20964 --- [nacos-grpc-client-executor-360] c.a.n.c.remote.client.grpc.GrpcClient    : [1721401575550_192.168.68.1_50076]Ignore complete event,isRunning:false,isAbandon=false
15:15:03:573  INFO 20964 --- [SpringApplicationShutdownHook] com.zaxxer.hikari.HikariDataSource       : HikariPool-1 - Shutdown initiated...
15:15:03:585  INFO 20964 --- [SpringApplicationShutdownHook] com.zaxxer.hikari.HikariDataSource       : HikariPool-1 - Shutdown completed.
15:15:10:073  INFO 17644 --- [main] com.hmall.user.UserApplication           : Starting UserApplication using Java 11 on dadaguai with PID 17644 (D:\developproject\IDEAproject\hmall\user-service\target\classes started by 12086 in D:\developproject\IDEAproject\hmall)
15:15:10:075  INFO 17644 --- [main] com.hmall.user.UserApplication           : The following 1 profile is active: "local"
15:15:10:769  INFO 17644 --- [main] o.s.cloud.context.scope.GenericScope     : BeanFactory id=dd4cb0ef-d898-3640-9efc-3722f753172f
15:15:11:028  INFO 17644 --- [main] o.s.b.w.embedded.tomcat.TomcatWebServer  : Tomcat initialized with port(s): 8084 (http)
15:15:11:034  INFO 17644 --- [main] o.apache.catalina.core.StandardService   : Starting service [Tomcat]
15:15:11:035  INFO 17644 --- [main] org.apache.catalina.core.StandardEngine  : Starting Servlet engine: [Apache Tomcat/9.0.75]
15:15:11:129  INFO 17644 --- [main] o.a.c.c.C.[Tomcat].[localhost].[/]       : Initializing Spring embedded WebApplicationContext
15:15:11:129  INFO 17644 --- [main] w.s.c.ServletWebServerApplicationContext : Root WebApplicationContext: initialization completed in 1026 ms
15:15:15:567  INFO 17644 --- [main] pertySourcedRequestMappingHandlerMapping : Mapped URL path [/v2/api-docs] onto method [springfox.documentation.swagger2.web.Swagger2ControllerWebMvc#getDocumentation(String, HttpServletRequest)]
15:15:17:258  INFO 17644 --- [main] com.alibaba.nacos.common.remote.client   : [RpcClientFactory] create a new rpc client of 4e30d61f-19e7-439d-a9a0-ec6aab7a9414
15:15:17:296  INFO 17644 --- [main] org.reflections.Reflections              : Reflections took 20 ms to scan 1 urls, producing 3 keys and 6 values 
15:15:17:319  INFO 17644 --- [main] org.reflections.Reflections              : Reflections took 9 ms to scan 1 urls, producing 4 keys and 9 values 
15:15:17:330  INFO 17644 --- [main] org.reflections.Reflections              : Reflections took 8 ms to scan 1 urls, producing 3 keys and 10 values 
15:15:17:332  WARN 17644 --- [main] org.reflections.Reflections              : given scan urls are empty. set urls in the configuration
15:15:17:352  INFO 17644 --- [main] org.reflections.Reflections              : Reflections took 19 ms to scan 1 urls, producing 1 keys and 5 values 
15:15:17:362  INFO 17644 --- [main] org.reflections.Reflections              : Reflections took 8 ms to scan 1 urls, producing 1 keys and 7 values 
15:15:17:372  INFO 17644 --- [main] org.reflections.Reflections              : Reflections took 7 ms to scan 1 urls, producing 2 keys and 8 values 
15:15:17:375  WARN 17644 --- [main] org.reflections.Reflections              : given scan urls are empty. set urls in the configuration
15:15:17:375  INFO 17644 --- [main] com.alibaba.nacos.common.remote.client   : [4e30d61f-19e7-439d-a9a0-ec6aab7a9414] RpcClient init label, labels = {module=naming, source=sdk}
15:15:17:377  INFO 17644 --- [main] com.alibaba.nacos.common.remote.client   : [4e30d61f-19e7-439d-a9a0-ec6aab7a9414] RpcClient init, ServerListFactory = com.alibaba.nacos.client.naming.core.ServerListManager
15:15:17:377  INFO 17644 --- [main] com.alibaba.nacos.common.remote.client   : [4e30d61f-19e7-439d-a9a0-ec6aab7a9414] Registry connection listener to current client:com.alibaba.nacos.client.naming.remote.gprc.redo.NamingGrpcRedoService
15:15:17:377  INFO 17644 --- [main] com.alibaba.nacos.common.remote.client   : [4e30d61f-19e7-439d-a9a0-ec6aab7a9414] Register server push request handler:com.alibaba.nacos.client.naming.remote.gprc.NamingPushRequestHandler
15:15:17:379  INFO 17644 --- [main] com.alibaba.nacos.common.remote.client   : [4e30d61f-19e7-439d-a9a0-ec6aab7a9414] Try to connect to server on start up, server: {serverIp = '192.168.68.101', server main port = 8848}
15:15:20:569  INFO 17644 --- [main] com.alibaba.nacos.common.remote.client   : [4e30d61f-19e7-439d-a9a0-ec6aab7a9414] Success to connect to server [192.168.68.101:8848] on start up, connectionId = 1721403373181_192.168.68.1_52735
15:15:20:569  INFO 17644 --- [com.alibaba.nacos.client.remote.worker] com.alibaba.nacos.common.remote.client   : [4e30d61f-19e7-439d-a9a0-ec6aab7a9414] Notify connected event to listeners.
15:15:20:570  INFO 17644 --- [main] com.alibaba.nacos.common.remote.client   : [4e30d61f-19e7-439d-a9a0-ec6aab7a9414] Register server push request handler:com.alibaba.nacos.common.remote.client.RpcClient$ConnectResetRequestHandler
15:15:20:570  INFO 17644 --- [main] com.alibaba.nacos.common.remote.client   : [4e30d61f-19e7-439d-a9a0-ec6aab7a9414] Register server push request handler:com.alibaba.nacos.common.remote.client.RpcClient$$Lambda$951/0x000000080071a440
15:15:20:608  INFO 17644 --- [main] o.s.b.w.embedded.tomcat.TomcatWebServer  : Tomcat started on port(s): 8084 (http) with context path ''
15:15:20:619  INFO 17644 --- [main] c.a.c.n.registry.NacosServiceRegistry    : nacos registry, DEFAULT_GROUP user-service 10.128.19.52:8084 register finished
15:15:21:148  INFO 17644 --- [nacos-grpc-client-executor-9] com.alibaba.nacos.common.remote.client   : [4e30d61f-19e7-439d-a9a0-ec6aab7a9414] Receive server push request, request = NotifySubscriberRequest, requestId = 119
15:15:21:151  INFO 17644 --- [nacos-grpc-client-executor-9] com.alibaba.nacos.common.remote.client   : [4e30d61f-19e7-439d-a9a0-ec6aab7a9414] Ack server push request, request = NotifySubscriberRequest, requestId = 119
15:15:21:727  INFO 17644 --- [main] d.s.w.p.DocumentationPluginsBootstrapper : Documentation plugins bootstrapped
15:15:21:730  INFO 17644 --- [main] d.s.w.p.DocumentationPluginsBootstrapper : Found 1 custom documentation plugin(s)
15:15:21:749  INFO 17644 --- [main] s.d.s.w.s.ApiListingReferenceScanner     : Scanning for api listing references
15:15:21:837  INFO 17644 --- [main] com.hmall.user.UserApplication           : Started UserApplication in 12.963 seconds (JVM running for 13.954)
15:21:49:470  INFO 17644 --- [http-nio-8084-exec-1] o.a.c.c.C.[Tomcat].[localhost].[/]       : Initializing Spring DispatcherServlet 'dispatcherServlet'
15:21:49:470  INFO 17644 --- [http-nio-8084-exec-1] o.s.web.servlet.DispatcherServlet        : Initializing Servlet 'dispatcherServlet'
15:21:49:471  INFO 17644 --- [http-nio-8084-exec-1] o.s.web.servlet.DispatcherServlet        : Completed initialization in 1 ms
15:21:49:542  INFO 17644 --- [http-nio-8084-exec-1] com.zaxxer.hikari.HikariDataSource       : HikariPool-1 - Starting...
15:21:49:747  INFO 17644 --- [http-nio-8084-exec-1] com.zaxxer.hikari.HikariDataSource       : HikariPool-1 - Start completed.
15:45:04:374  WARN 17644 --- [Thread-4] c.a.nacos.common.notify.NotifyCenter     : [NotifyCenter] Start destroying Publisher
15:45:04:374  WARN 17644 --- [Thread-4] c.a.nacos.common.notify.NotifyCenter     : [NotifyCenter] Destruction of the end
15:45:04:375  WARN 17644 --- [Thread-7] c.a.n.common.http.HttpClientBeanHolder   : [HttpClientBeanHolder] Start destroying common HttpClient
15:45:04:376  WARN 17644 --- [Thread-7] c.a.n.common.http.HttpClientBeanHolder   : [HttpClientBeanHolder] Destruction of the end
15:45:05:261  INFO 17644 --- [SpringApplicationShutdownHook] c.a.c.n.registry.NacosServiceRegistry    : De-registering from Nacos Server now...
15:45:05:271  INFO 17644 --- [SpringApplicationShutdownHook] c.a.c.n.registry.NacosServiceRegistry    : De-registration finished.
15:45:05:609  INFO 17644 --- [SpringApplicationShutdownHook] com.alibaba.nacos.common.remote.client   : Shutdown rpc client, set status to shutdown
15:45:05:609  INFO 17644 --- [SpringApplicationShutdownHook] com.alibaba.nacos.common.remote.client   : Shutdown client event executor java.util.concurrent.ScheduledThreadPoolExecutor@601148ef[Running, pool size = 2, active threads = 2, queued tasks = 0, completed tasks = 0]
15:45:05:610  INFO 17644 --- [SpringApplicationShutdownHook] com.alibaba.nacos.common.remote.client   : Close current connection 1721403373181_192.168.68.1_52735
15:45:05:614  INFO 17644 --- [nacos-grpc-client-executor-384] c.a.n.c.remote.client.grpc.GrpcClient    : [1721403373181_192.168.68.1_52735]Ignore complete event,isRunning:false,isAbandon=false
15:45:05:616  INFO 17644 --- [SpringApplicationShutdownHook] c.a.n.c.remote.client.grpc.GrpcClient    : Shutdown grpc executor java.util.concurrent.ThreadPoolExecutor@16e6679f[Running, pool size = 5, active threads = 0, queued tasks = 0, completed tasks = 385]
15:45:05:622  INFO 17644 --- [SpringApplicationShutdownHook] com.zaxxer.hikari.HikariDataSource       : HikariPool-1 - Shutdown initiated...
15:45:05:628  INFO 17644 --- [SpringApplicationShutdownHook] com.zaxxer.hikari.HikariDataSource       : HikariPool-1 - Shutdown completed.
15:45:20:278  INFO 20248 --- [main] com.hmall.user.UserApplication           : Starting UserApplication using Java 11 on dadaguai with PID 20248 (D:\developproject\IDEAproject\hmall\user-service\target\classes started by 12086 in D:\developproject\IDEAproject\hmall)
15:45:20:280  INFO 20248 --- [main] com.hmall.user.UserApplication           : The following 1 profile is active: "local"
15:45:21:143  INFO 20248 --- [main] o.s.cloud.context.scope.GenericScope     : BeanFactory id=dd4cb0ef-d898-3640-9efc-3722f753172f
15:45:21:418  INFO 20248 --- [main] o.s.b.w.embedded.tomcat.TomcatWebServer  : Tomcat initialized with port(s): 8084 (http)
15:45:21:425  INFO 20248 --- [main] o.apache.catalina.core.StandardService   : Starting service [Tomcat]
15:45:21:425  INFO 20248 --- [main] org.apache.catalina.core.StandardEngine  : Starting Servlet engine: [Apache Tomcat/9.0.75]
15:45:21:516  INFO 20248 --- [main] o.a.c.c.C.[Tomcat].[localhost].[/]       : Initializing Spring embedded WebApplicationContext
15:45:21:517  INFO 20248 --- [main] w.s.c.ServletWebServerApplicationContext : Root WebApplicationContext: initialization completed in 1199 ms
15:45:26:613  INFO 20248 --- [main] pertySourcedRequestMappingHandlerMapping : Mapped URL path [/v2/api-docs] onto method [springfox.documentation.swagger2.web.Swagger2ControllerWebMvc#getDocumentation(String, HttpServletRequest)]
15:45:27:946  INFO 20248 --- [main] com.alibaba.nacos.common.remote.client   : [RpcClientFactory] create a new rpc client of 7fc1bc4e-a94e-4a62-ba7d-11e39db02893
15:45:27:984  INFO 20248 --- [main] org.reflections.Reflections              : Reflections took 21 ms to scan 1 urls, producing 3 keys and 6 values 
15:45:28:006  INFO 20248 --- [main] org.reflections.Reflections              : Reflections took 9 ms to scan 1 urls, producing 4 keys and 9 values 
15:45:28:030  INFO 20248 --- [main] org.reflections.Reflections              : Reflections took 21 ms to scan 1 urls, producing 3 keys and 10 values 
15:45:28:034  WARN 20248 --- [main] org.reflections.Reflections              : given scan urls are empty. set urls in the configuration
15:45:28:042  INFO 20248 --- [main] org.reflections.Reflections              : Reflections took 8 ms to scan 1 urls, producing 1 keys and 5 values 
15:45:28:052  INFO 20248 --- [main] org.reflections.Reflections              : Reflections took 8 ms to scan 1 urls, producing 1 keys and 7 values 
15:45:28:061  INFO 20248 --- [main] org.reflections.Reflections              : Reflections took 7 ms to scan 1 urls, producing 2 keys and 8 values 
15:45:28:064  WARN 20248 --- [main] org.reflections.Reflections              : given scan urls are empty. set urls in the configuration
15:45:28:065  INFO 20248 --- [main] com.alibaba.nacos.common.remote.client   : [7fc1bc4e-a94e-4a62-ba7d-11e39db02893] RpcClient init label, labels = {module=naming, source=sdk}
15:45:28:067  INFO 20248 --- [main] com.alibaba.nacos.common.remote.client   : [7fc1bc4e-a94e-4a62-ba7d-11e39db02893] RpcClient init, ServerListFactory = com.alibaba.nacos.client.naming.core.ServerListManager
15:45:28:067  INFO 20248 --- [main] com.alibaba.nacos.common.remote.client   : [7fc1bc4e-a94e-4a62-ba7d-11e39db02893] Registry connection listener to current client:com.alibaba.nacos.client.naming.remote.gprc.redo.NamingGrpcRedoService
15:45:28:068  INFO 20248 --- [main] com.alibaba.nacos.common.remote.client   : [7fc1bc4e-a94e-4a62-ba7d-11e39db02893] Register server push request handler:com.alibaba.nacos.client.naming.remote.gprc.NamingPushRequestHandler
15:45:28:069  INFO 20248 --- [main] com.alibaba.nacos.common.remote.client   : [7fc1bc4e-a94e-4a62-ba7d-11e39db02893] Try to connect to server on start up, server: {serverIp = '192.168.68.101', server main port = 8848}
15:45:31:720  INFO 20248 --- [main] com.alibaba.nacos.common.remote.client   : [7fc1bc4e-a94e-4a62-ba7d-11e39db02893] Success to connect to server [192.168.68.101:8848] on start up, connectionId = 1721405335264_192.168.68.1_54590
15:45:31:720  INFO 20248 --- [com.alibaba.nacos.client.remote.worker] com.alibaba.nacos.common.remote.client   : [7fc1bc4e-a94e-4a62-ba7d-11e39db02893] Notify connected event to listeners.
15:45:31:721  INFO 20248 --- [main] com.alibaba.nacos.common.remote.client   : [7fc1bc4e-a94e-4a62-ba7d-11e39db02893] Register server push request handler:com.alibaba.nacos.common.remote.client.RpcClient$ConnectResetRequestHandler
15:45:31:722  INFO 20248 --- [main] com.alibaba.nacos.common.remote.client   : [7fc1bc4e-a94e-4a62-ba7d-11e39db02893] Register server push request handler:com.alibaba.nacos.common.remote.client.RpcClient$$Lambda$952/0x000000080071b840
15:45:31:774  INFO 20248 --- [main] o.s.b.w.embedded.tomcat.TomcatWebServer  : Tomcat started on port(s): 8084 (http) with context path ''
15:45:31:792  INFO 20248 --- [main] c.a.c.n.registry.NacosServiceRegistry    : nacos registry, DEFAULT_GROUP user-service 10.128.19.52:8084 register finished
15:45:32:219  INFO 20248 --- [nacos-grpc-client-executor-8] com.alibaba.nacos.common.remote.client   : [7fc1bc4e-a94e-4a62-ba7d-11e39db02893] Receive server push request, request = NotifySubscriberRequest, requestId = 135
15:45:32:222  INFO 20248 --- [nacos-grpc-client-executor-8] com.alibaba.nacos.common.remote.client   : [7fc1bc4e-a94e-4a62-ba7d-11e39db02893] Ack server push request, request = NotifySubscriberRequest, requestId = 135
15:45:33:171  INFO 20248 --- [main] d.s.w.p.DocumentationPluginsBootstrapper : Documentation plugins bootstrapped
15:45:33:173  INFO 20248 --- [main] d.s.w.p.DocumentationPluginsBootstrapper : Found 1 custom documentation plugin(s)
15:45:33:190  INFO 20248 --- [main] s.d.s.w.s.ApiListingReferenceScanner     : Scanning for api listing references
15:45:33:261  INFO 20248 --- [main] com.hmall.user.UserApplication           : Started UserApplication in 14.891 seconds (JVM running for 16.249)
15:45:55:500  INFO 20248 --- [http-nio-8084-exec-1] o.a.c.c.C.[Tomcat].[localhost].[/]       : Initializing Spring DispatcherServlet 'dispatcherServlet'
15:45:55:500  INFO 20248 --- [http-nio-8084-exec-1] o.s.web.servlet.DispatcherServlet        : Initializing Servlet 'dispatcherServlet'
15:45:55:502  INFO 20248 --- [http-nio-8084-exec-1] o.s.web.servlet.DispatcherServlet        : Completed initialization in 2 ms
15:45:55:571  INFO 20248 --- [http-nio-8084-exec-1] com.zaxxer.hikari.HikariDataSource       : HikariPool-1 - Starting...
15:45:55:767  INFO 20248 --- [http-nio-8084-exec-1] com.zaxxer.hikari.HikariDataSource       : HikariPool-1 - Start completed.
16:00:10:845 ERROR 20248 --- [http-nio-8084-exec-3] o.a.c.c.C.[.[.[/].[dispatcherServlet]    : Servlet.service() for servlet [dispatcherServlet] in context with path [] threw exception [Request processing failed; nested exception is java.lang.IllegalArgumentException: 用户名错误] with root cause

java.lang.IllegalArgumentException: 用户名错误
	at org.springframework.util.Assert.notNull(Assert.java:201) ~[spring-core-5.3.27.jar:5.3.27]
	at com.hmall.user.service.impl.UserServiceImpl.login(UserServiceImpl.java:47) ~[classes/:na]
	at com.hmall.user.service.impl.UserServiceImpl$$FastClassBySpringCGLIB$$760b6e5d.invoke(<generated>) ~[classes/:na]
	at org.springframework.cglib.proxy.MethodProxy.invoke(MethodProxy.java:218) ~[spring-core-5.3.27.jar:5.3.27]
	at org.springframework.aop.framework.CglibAopProxy.invokeMethod(CglibAopProxy.java:386) ~[spring-aop-5.3.27.jar:5.3.27]
	at org.springframework.aop.framework.CglibAopProxy.access$000(CglibAopProxy.java:85) ~[spring-aop-5.3.27.jar:5.3.27]
	at org.springframework.aop.framework.CglibAopProxy$DynamicAdvisedInterceptor.intercept(CglibAopProxy.java:704) ~[spring-aop-5.3.27.jar:5.3.27]
	at com.hmall.user.service.impl.UserServiceImpl$$EnhancerBySpringCGLIB$$79a4a118.login(<generated>) ~[classes/:na]
	at com.hmall.user.controller.UserController.login(UserController.java:25) ~[classes/:na]
	at java.base/jdk.internal.reflect.NativeMethodAccessorImpl.invoke0(Native Method) ~[na:na]
	at java.base/jdk.internal.reflect.NativeMethodAccessorImpl.invoke(NativeMethodAccessorImpl.java:62) ~[na:na]
	at java.base/jdk.internal.reflect.DelegatingMethodAccessorImpl.invoke(DelegatingMethodAccessorImpl.java:43) ~[na:na]
	at java.base/java.lang.reflect.Method.invoke(Method.java:566) ~[na:na]
	at org.springframework.web.method.support.InvocableHandlerMethod.doInvoke(InvocableHandlerMethod.java:205) ~[spring-web-5.3.27.jar:5.3.27]
	at org.springframework.web.method.support.InvocableHandlerMethod.invokeForRequest(InvocableHandlerMethod.java:150) ~[spring-web-5.3.27.jar:5.3.27]
	at org.springframework.web.servlet.mvc.method.annotation.ServletInvocableHandlerMethod.invokeAndHandle(ServletInvocableHandlerMethod.java:117) ~[spring-webmvc-5.3.27.jar:5.3.27]
	at org.springframework.web.servlet.mvc.method.annotation.RequestMappingHandlerAdapter.invokeHandlerMethod(RequestMappingHandlerAdapter.java:895) ~[spring-webmvc-5.3.27.jar:5.3.27]
	at org.springframework.web.servlet.mvc.method.annotation.RequestMappingHandlerAdapter.handleInternal(RequestMappingHandlerAdapter.java:808) ~[spring-webmvc-5.3.27.jar:5.3.27]
	at org.springframework.web.servlet.mvc.method.AbstractHandlerMethodAdapter.handle(AbstractHandlerMethodAdapter.java:87) ~[spring-webmvc-5.3.27.jar:5.3.27]
	at org.springframework.web.servlet.DispatcherServlet.doDispatch(DispatcherServlet.java:1072) ~[spring-webmvc-5.3.27.jar:5.3.27]
	at org.springframework.web.servlet.DispatcherServlet.doService(DispatcherServlet.java:965) ~[spring-webmvc-5.3.27.jar:5.3.27]
	at org.springframework.web.servlet.FrameworkServlet.processRequest(FrameworkServlet.java:1006) ~[spring-webmvc-5.3.27.jar:5.3.27]
	at org.springframework.web.servlet.FrameworkServlet.doPost(FrameworkServlet.java:909) ~[spring-webmvc-5.3.27.jar:5.3.27]
	at javax.servlet.http.HttpServlet.service(HttpServlet.java:555) ~[tomcat-embed-core-9.0.75.jar:4.0.FR]
	at org.springframework.web.servlet.FrameworkServlet.service(FrameworkServlet.java:883) ~[spring-webmvc-5.3.27.jar:5.3.27]
	at javax.servlet.http.HttpServlet.service(HttpServlet.java:623) ~[tomcat-embed-core-9.0.75.jar:4.0.FR]
	at org.apache.catalina.core.ApplicationFilterChain.internalDoFilter(ApplicationFilterChain.java:209) ~[tomcat-embed-core-9.0.75.jar:9.0.75]
	at org.apache.catalina.core.ApplicationFilterChain.doFilter(ApplicationFilterChain.java:153) ~[tomcat-embed-core-9.0.75.jar:9.0.75]
	at org.apache.tomcat.websocket.server.WsFilter.doFilter(WsFilter.java:51) ~[tomcat-embed-websocket-9.0.75.jar:9.0.75]
	at org.apache.catalina.core.ApplicationFilterChain.internalDoFilter(ApplicationFilterChain.java:178) ~[tomcat-embed-core-9.0.75.jar:9.0.75]
	at org.apache.catalina.core.ApplicationFilterChain.doFilter(ApplicationFilterChain.java:153) ~[tomcat-embed-core-9.0.75.jar:9.0.75]
	at org.springframework.web.filter.RequestContextFilter.doFilterInternal(RequestContextFilter.java:100) ~[spring-web-5.3.27.jar:5.3.27]
	at org.springframework.web.filter.OncePerRequestFilter.doFilter(OncePerRequestFilter.java:117) ~[spring-web-5.3.27.jar:5.3.27]
	at org.apache.catalina.core.ApplicationFilterChain.internalDoFilter(ApplicationFilterChain.java:178) ~[tomcat-embed-core-9.0.75.jar:9.0.75]
	at org.apache.catalina.core.ApplicationFilterChain.doFilter(ApplicationFilterChain.java:153) ~[tomcat-embed-core-9.0.75.jar:9.0.75]
	at org.springframework.web.filter.FormContentFilter.doFilterInternal(FormContentFilter.java:93) ~[spring-web-5.3.27.jar:5.3.27]
	at org.springframework.web.filter.OncePerRequestFilter.doFilter(OncePerRequestFilter.java:117) ~[spring-web-5.3.27.jar:5.3.27]
	at org.apache.catalina.core.ApplicationFilterChain.internalDoFilter(ApplicationFilterChain.java:178) ~[tomcat-embed-core-9.0.75.jar:9.0.75]
	at org.apache.catalina.core.ApplicationFilterChain.doFilter(ApplicationFilterChain.java:153) ~[tomcat-embed-core-9.0.75.jar:9.0.75]
	at org.springframework.web.filter.CharacterEncodingFilter.doFilterInternal(CharacterEncodingFilter.java:201) ~[spring-web-5.3.27.jar:5.3.27]
	at org.springframework.web.filter.OncePerRequestFilter.doFilter(OncePerRequestFilter.java:117) ~[spring-web-5.3.27.jar:5.3.27]
	at org.apache.catalina.core.ApplicationFilterChain.internalDoFilter(ApplicationFilterChain.java:178) ~[tomcat-embed-core-9.0.75.jar:9.0.75]
	at org.apache.catalina.core.ApplicationFilterChain.doFilter(ApplicationFilterChain.java:153) ~[tomcat-embed-core-9.0.75.jar:9.0.75]
	at org.apache.catalina.core.StandardWrapperValve.invoke(StandardWrapperValve.java:167) ~[tomcat-embed-core-9.0.75.jar:9.0.75]
	at org.apache.catalina.core.StandardContextValve.invoke(StandardContextValve.java:90) ~[tomcat-embed-core-9.0.75.jar:9.0.75]
	at org.apache.catalina.authenticator.AuthenticatorBase.invoke(AuthenticatorBase.java:481) ~[tomcat-embed-core-9.0.75.jar:9.0.75]
	at org.apache.catalina.core.StandardHostValve.invoke(StandardHostValve.java:130) ~[tomcat-embed-core-9.0.75.jar:9.0.75]
	at org.apache.catalina.valves.ErrorReportValve.invoke(ErrorReportValve.java:93) ~[tomcat-embed-core-9.0.75.jar:9.0.75]
	at org.apache.catalina.core.StandardEngineValve.invoke(StandardEngineValve.java:74) ~[tomcat-embed-core-9.0.75.jar:9.0.75]
	at org.apache.catalina.connector.CoyoteAdapter.service(CoyoteAdapter.java:343) ~[tomcat-embed-core-9.0.75.jar:9.0.75]
	at org.apache.coyote.http11.Http11Processor.service(Http11Processor.java:390) ~[tomcat-embed-core-9.0.75.jar:9.0.75]
	at org.apache.coyote.AbstractProcessorLight.process(AbstractProcessorLight.java:63) ~[tomcat-embed-core-9.0.75.jar:9.0.75]
	at org.apache.coyote.AbstractProtocol$ConnectionHandler.process(AbstractProtocol.java:926) ~[tomcat-embed-core-9.0.75.jar:9.0.75]
	at org.apache.tomcat.util.net.NioEndpoint$SocketProcessor.doRun(NioEndpoint.java:1791) ~[tomcat-embed-core-9.0.75.jar:9.0.75]
	at org.apache.tomcat.util.net.SocketProcessorBase.run(SocketProcessorBase.java:52) ~[tomcat-embed-core-9.0.75.jar:9.0.75]
	at org.apache.tomcat.util.threads.ThreadPoolExecutor.runWorker(ThreadPoolExecutor.java:1191) ~[tomcat-embed-core-9.0.75.jar:9.0.75]
	at org.apache.tomcat.util.threads.ThreadPoolExecutor$Worker.run(ThreadPoolExecutor.java:659) ~[tomcat-embed-core-9.0.75.jar:9.0.75]
	at org.apache.tomcat.util.threads.TaskThread$WrappingRunnable.run(TaskThread.java:61) ~[tomcat-embed-core-9.0.75.jar:9.0.75]
	at java.base/java.lang.Thread.run(Thread.java:834) ~[na:na]

16:43:14:103  INFO 9932 --- [main] com.hmall.user.UserApplication           : Starting UserApplication using Java 11 on dadaguai with PID 9932 (D:\developproject\IDEAproject\hmall\user-service\target\classes started by 12086 in D:\developproject\IDEAproject\hmall)
16:43:14:105  INFO 9932 --- [main] com.hmall.user.UserApplication           : The following 1 profile is active: "local"
16:43:14:817  INFO 9932 --- [main] o.s.cloud.context.scope.GenericScope     : BeanFactory id=dd4cb0ef-d898-3640-9efc-3722f753172f
16:43:15:015  INFO 9932 --- [main] o.s.b.w.embedded.tomcat.TomcatWebServer  : Tomcat initialized with port(s): 8084 (http)
16:43:15:020  INFO 9932 --- [main] o.apache.catalina.core.StandardService   : Starting service [Tomcat]
16:43:15:021  INFO 9932 --- [main] org.apache.catalina.core.StandardEngine  : Starting Servlet engine: [Apache Tomcat/9.0.75]
16:43:15:098  INFO 9932 --- [main] o.a.c.c.C.[Tomcat].[localhost].[/]       : Initializing Spring embedded WebApplicationContext
16:43:15:098  INFO 9932 --- [main] w.s.c.ServletWebServerApplicationContext : Root WebApplicationContext: initialization completed in 939 ms
16:43:17:875  INFO 9932 --- [main] pertySourcedRequestMappingHandlerMapping : Mapped URL path [/v2/api-docs] onto method [springfox.documentation.swagger2.web.Swagger2ControllerWebMvc#getDocumentation(String, HttpServletRequest)]
16:43:18:606  INFO 9932 --- [main] com.alibaba.nacos.common.remote.client   : [RpcClientFactory] create a new rpc client of 9ba459b3-4905-4925-8de7-31a1845faf1a
16:43:18:632  INFO 9932 --- [main] org.reflections.Reflections              : Reflections took 12 ms to scan 1 urls, producing 3 keys and 6 values 
16:43:18:657  INFO 9932 --- [main] org.reflections.Reflections              : Reflections took 15 ms to scan 1 urls, producing 4 keys and 9 values 
16:43:18:662  INFO 9932 --- [main] org.reflections.Reflections              : Reflections took 3 ms to scan 1 urls, producing 3 keys and 10 values 
16:43:18:665  WARN 9932 --- [main] org.reflections.Reflections              : given scan urls are empty. set urls in the configuration
16:43:18:668  INFO 9932 --- [main] org.reflections.Reflections              : Reflections took 3 ms to scan 1 urls, producing 1 keys and 5 values 
16:43:18:675  INFO 9932 --- [main] org.reflections.Reflections              : Reflections took 5 ms to scan 1 urls, producing 1 keys and 7 values 
16:43:18:680  INFO 9932 --- [main] org.reflections.Reflections              : Reflections took 4 ms to scan 1 urls, producing 2 keys and 8 values 
16:43:18:682  WARN 9932 --- [main] org.reflections.Reflections              : given scan urls are empty. set urls in the configuration
16:43:18:683  INFO 9932 --- [main] com.alibaba.nacos.common.remote.client   : [9ba459b3-4905-4925-8de7-31a1845faf1a] RpcClient init label, labels = {module=naming, source=sdk}
16:43:18:684  INFO 9932 --- [main] com.alibaba.nacos.common.remote.client   : [9ba459b3-4905-4925-8de7-31a1845faf1a] RpcClient init, ServerListFactory = com.alibaba.nacos.client.naming.core.ServerListManager
16:43:18:684  INFO 9932 --- [main] com.alibaba.nacos.common.remote.client   : [9ba459b3-4905-4925-8de7-31a1845faf1a] Registry connection listener to current client:com.alibaba.nacos.client.naming.remote.gprc.redo.NamingGrpcRedoService
16:43:18:684  INFO 9932 --- [main] com.alibaba.nacos.common.remote.client   : [9ba459b3-4905-4925-8de7-31a1845faf1a] Register server push request handler:com.alibaba.nacos.client.naming.remote.gprc.NamingPushRequestHandler
16:43:18:685  INFO 9932 --- [main] com.alibaba.nacos.common.remote.client   : [9ba459b3-4905-4925-8de7-31a1845faf1a] Try to connect to server on start up, server: {serverIp = '192.168.68.101', server main port = 8848}
16:43:20:696  INFO 9932 --- [main] com.alibaba.nacos.common.remote.client   : [9ba459b3-4905-4925-8de7-31a1845faf1a] Success to connect to server [192.168.68.101:8848] on start up, connectionId = 1721409091802_192.168.68.1_57857
16:43:20:696  INFO 9932 --- [com.alibaba.nacos.client.remote.worker] com.alibaba.nacos.common.remote.client   : [9ba459b3-4905-4925-8de7-31a1845faf1a] Notify connected event to listeners.
16:43:20:697  INFO 9932 --- [main] com.alibaba.nacos.common.remote.client   : [9ba459b3-4905-4925-8de7-31a1845faf1a] Register server push request handler:com.alibaba.nacos.common.remote.client.RpcClient$ConnectResetRequestHandler
16:43:20:698  INFO 9932 --- [main] com.alibaba.nacos.common.remote.client   : [9ba459b3-4905-4925-8de7-31a1845faf1a] Register server push request handler:com.alibaba.nacos.common.remote.client.RpcClient$$Lambda$951/0x000000080071b840
16:43:20:740  WARN 9932 --- [main] ConfigServletWebServerApplicationContext : Exception encountered during context initialization - cancelling refresh attempt: org.springframework.context.ApplicationContextException: Failed to start bean 'webServerStartStop'; nested exception is org.springframework.boot.web.server.PortInUseException: Port 8084 is already in use
16:43:21:209  INFO 9932 --- [nacos-grpc-client-executor-7] com.alibaba.nacos.common.remote.client   : [9ba459b3-4905-4925-8de7-31a1845faf1a] Receive server push request, request = NotifySubscriberRequest, requestId = 156
16:43:21:211  INFO 9932 --- [nacos-grpc-client-executor-7] com.alibaba.nacos.common.remote.client   : [9ba459b3-4905-4925-8de7-31a1845faf1a] Ack server push request, request = NotifySubscriberRequest, requestId = 156
16:43:21:396  INFO 9932 --- [main] com.alibaba.nacos.common.remote.client   : Shutdown rpc client, set status to shutdown
16:43:21:396  INFO 9932 --- [main] com.alibaba.nacos.common.remote.client   : Shutdown client event executor java.util.concurrent.ScheduledThreadPoolExecutor@4b360a82[Running, pool size = 2, active threads = 2, queued tasks = 0, completed tasks = 0]
16:43:21:397  INFO 9932 --- [main] com.alibaba.nacos.common.remote.client   : Close current connection 1721409091802_192.168.68.1_57857
16:43:21:400  INFO 9932 --- [main] c.a.n.c.remote.client.grpc.GrpcClient    : Shutdown grpc executor java.util.concurrent.ThreadPoolExecutor@64fba3e6[Running, pool size = 8, active threads = 0, queued tasks = 0, completed tasks = 8]
16:43:21:402  INFO 9932 --- [grpc-nio-worker-ELG-1-2] c.a.n.s.i.g.i.AbstractClientStream       : Received trailers on closed stream:
 Metadata()
 {2}
16:43:21:402  INFO 9932 --- [main] com.alibaba.nacos.common.remote.client   : [RpcClientFactory] create a new rpc client of b9ba9b7e-3890-47d9-bb60-0de91026564e
16:43:21:402  INFO 9932 --- [main] com.alibaba.nacos.common.remote.client   : [b9ba9b7e-3890-47d9-bb60-0de91026564e] RpcClient init label, labels = {module=naming, source=sdk}
16:43:21:402  INFO 9932 --- [main] com.alibaba.nacos.common.remote.client   : [b9ba9b7e-3890-47d9-bb60-0de91026564e] RpcClient init, ServerListFactory = com.alibaba.nacos.client.naming.core.ServerListManager
16:43:21:402  INFO 9932 --- [main] com.alibaba.nacos.common.remote.client   : [b9ba9b7e-3890-47d9-bb60-0de91026564e] Registry connection listener to current client:com.alibaba.nacos.client.naming.remote.gprc.redo.NamingGrpcRedoService
16:43:21:402  INFO 9932 --- [main] com.alibaba.nacos.common.remote.client   : [b9ba9b7e-3890-47d9-bb60-0de91026564e] Register server push request handler:com.alibaba.nacos.client.naming.remote.gprc.NamingPushRequestHandler
16:43:21:402  INFO 9932 --- [main] com.alibaba.nacos.common.remote.client   : [b9ba9b7e-3890-47d9-bb60-0de91026564e] Try to connect to server on start up, server: {serverIp = '192.168.68.101', server main port = 8848}
16:43:21:535  INFO 9932 --- [main] com.alibaba.nacos.common.remote.client   : [b9ba9b7e-3890-47d9-bb60-0de91026564e] Success to connect to server [192.168.68.101:8848] on start up, connectionId = 1721409092783_192.168.68.1_57858
16:43:21:535  INFO 9932 --- [main] com.alibaba.nacos.common.remote.client   : [b9ba9b7e-3890-47d9-bb60-0de91026564e] Register server push request handler:com.alibaba.nacos.common.remote.client.RpcClient$ConnectResetRequestHandler
16:43:21:535  INFO 9932 --- [com.alibaba.nacos.client.remote.worker] com.alibaba.nacos.common.remote.client   : [b9ba9b7e-3890-47d9-bb60-0de91026564e] Notify connected event to listeners.
16:43:21:535  INFO 9932 --- [main] com.alibaba.nacos.common.remote.client   : [b9ba9b7e-3890-47d9-bb60-0de91026564e] Register server push request handler:com.alibaba.nacos.common.remote.client.RpcClient$$Lambda$951/0x000000080071b840
16:43:21:544  INFO 9932 --- [main] o.apache.catalina.core.StandardService   : Stopping service [Tomcat]
16:43:21:553  INFO 9932 --- [main] ConditionEvaluationReportLoggingListener : 

Error starting ApplicationContext. To display the conditions report re-run your application with 'debug' enabled.
16:43:21:566 ERROR 9932 --- [main] o.s.b.d.LoggingFailureAnalysisReporter   : 

***************************
APPLICATION FAILED TO START
***************************

Description:

Web server failed to start. Port 8084 was already in use.

Action:

Identify and stop the process that's listening on port 8084 or configure this application to listen on another port.

16:43:21:567  WARN 9932 --- [Thread-4] c.a.nacos.common.notify.NotifyCenter     : [NotifyCenter] Start destroying Publisher
16:43:21:567  WARN 9932 --- [Thread-7] c.a.n.common.http.HttpClientBeanHolder   : [HttpClientBeanHolder] Start destroying common HttpClient
16:43:21:567  WARN 9932 --- [Thread-4] c.a.nacos.common.notify.NotifyCenter     : [NotifyCenter] Destruction of the end
16:44:33:966  INFO 20248 --- [com.alibaba.nacos.client.remote.worker] com.alibaba.nacos.common.remote.client   : [7fc1bc4e-a94e-4a62-ba7d-11e39db02893] Server healthy check fail, currentConnection = 1721405335264_192.168.68.1_54590
16:44:33:968  INFO 20248 --- [com.alibaba.nacos.client.remote.worker] com.alibaba.nacos.common.remote.client   : [7fc1bc4e-a94e-4a62-ba7d-11e39db02893] Try to reconnect to a new server, server is  not appointed, will choose a random server.
16:44:35:238 ERROR 20248 --- [com.alibaba.nacos.client.naming.updater.3] com.alibaba.nacos.common.remote.client   : Send request fail, request = ServiceQueryRequest{headers={app=unknown}, requestId='null'}, retryTimes = 0, errorMessage = Client not connected, current status:UNHEALTHY
16:44:35:348 ERROR 20248 --- [com.alibaba.nacos.client.naming.updater.3] com.alibaba.nacos.common.remote.client   : Send request fail, request = ServiceQueryRequest{headers={app=unknown}, requestId='null'}, retryTimes = 1, errorMessage = Client not connected, current status:UNHEALTHY
16:44:35:457 ERROR 20248 --- [com.alibaba.nacos.client.naming.updater.3] com.alibaba.nacos.common.remote.client   : Send request fail, request = ServiceQueryRequest{headers={app=unknown}, requestId='null'}, retryTimes = 2, errorMessage = Client not connected, current status:UNHEALTHY
16:44:36:977 ERROR 20248 --- [com.alibaba.nacos.client.remote.worker] c.a.n.c.remote.client.grpc.GrpcClient    : Server check fail, please check server 192.168.68.101 ,port 9848 is available , error ={}

java.util.concurrent.TimeoutException: Waited 3000 milliseconds (plus 1 milliseconds, 668500 nanoseconds delay) for com.alibaba.nacos.shaded.io.grpc.stub.ClientCalls$GrpcFuture@649aedfb[status=PENDING, info=[GrpcFuture{clientCall={delegate={delegate=ClientCallImpl{method=MethodDescriptor{fullMethodName=Request/request, type=UNARY, idempotent=false, safe=false, sampledToLocalTracing=true, requestMarshaller=com.alibaba.nacos.shaded.io.grpc.protobuf.lite.ProtoLiteUtils$MessageMarshaller@2326ef6e, responseMarshaller=com.alibaba.nacos.shaded.io.grpc.protobuf.lite.ProtoLiteUtils$MessageMarshaller@2aee799, schemaDescriptor=com.alibaba.nacos.api.grpc.auto.RequestGrpc$RequestMethodDescriptorSupplier@759c86b5}}}}}]]
	at com.alibaba.nacos.shaded.com.google.common.util.concurrent.AbstractFuture.get(AbstractFuture.java:508) ~[nacos-client-2.0.4.jar:na]
	at com.alibaba.nacos.common.remote.client.grpc.GrpcClient.serverCheck(GrpcClient.java:148) ~[nacos-client-2.0.4.jar:na]
	at com.alibaba.nacos.common.remote.client.grpc.GrpcClient.connectToServer(GrpcClient.java:264) ~[nacos-client-2.0.4.jar:na]
	at com.alibaba.nacos.common.remote.client.RpcClient.reconnect(RpcClient.java:522) ~[nacos-client-2.0.4.jar:na]
	at com.alibaba.nacos.common.remote.client.RpcClient.lambda$start$2(RpcClient.java:370) ~[nacos-client-2.0.4.jar:na]
	at java.base/java.util.concurrent.Executors$RunnableAdapter.call(Executors.java:515) ~[na:na]
	at java.base/java.util.concurrent.FutureTask.run(FutureTask.java:264) ~[na:na]
	at java.base/java.util.concurrent.ScheduledThreadPoolExecutor$ScheduledFutureTask.run(ScheduledThreadPoolExecutor.java:304) ~[na:na]
	at java.base/java.util.concurrent.ThreadPoolExecutor.runWorker(ThreadPoolExecutor.java:1128) ~[na:na]
	at java.base/java.util.concurrent.ThreadPoolExecutor$Worker.run(ThreadPoolExecutor.java:628) ~[na:na]
	at java.base/java.lang.Thread.run(Thread.java:834) ~[na:na]

16:44:37:583 ERROR 20248 --- [com.alibaba.nacos.client.naming.updater.3] com.alibaba.nacos.common.remote.client   : Send request fail, request = ServiceQueryRequest{headers={app=unknown}, requestId='null'}, retryTimes = 0, errorMessage = Client not connected, current status:UNHEALTHY
16:44:37:692 ERROR 20248 --- [com.alibaba.nacos.client.naming.updater.3] com.alibaba.nacos.common.remote.client   : Send request fail, request = ServiceQueryRequest{headers={app=unknown}, requestId='null'}, retryTimes = 1, errorMessage = Client not connected, current status:UNHEALTHY
16:44:37:800 ERROR 20248 --- [com.alibaba.nacos.client.naming.updater.3] com.alibaba.nacos.common.remote.client   : Send request fail, request = ServiceQueryRequest{headers={app=unknown}, requestId='null'}, retryTimes = 2, errorMessage = Client not connected, current status:UNHEALTHY
16:44:40:098 ERROR 20248 --- [com.alibaba.nacos.client.remote.worker] c.a.n.c.remote.client.grpc.GrpcClient    : Server check fail, please check server 192.168.68.101 ,port 9848 is available , error ={}

java.util.concurrent.TimeoutException: Waited 3000 milliseconds (plus 8 milliseconds, 391200 nanoseconds delay) for com.alibaba.nacos.shaded.io.grpc.stub.ClientCalls$GrpcFuture@10552510[status=PENDING, info=[GrpcFuture{clientCall={delegate={delegate=ClientCallImpl{method=MethodDescriptor{fullMethodName=Request/request, type=UNARY, idempotent=false, safe=false, sampledToLocalTracing=true, requestMarshaller=com.alibaba.nacos.shaded.io.grpc.protobuf.lite.ProtoLiteUtils$MessageMarshaller@2326ef6e, responseMarshaller=com.alibaba.nacos.shaded.io.grpc.protobuf.lite.ProtoLiteUtils$MessageMarshaller@2aee799, schemaDescriptor=com.alibaba.nacos.api.grpc.auto.RequestGrpc$RequestMethodDescriptorSupplier@759c86b5}}}}}]]
	at com.alibaba.nacos.shaded.com.google.common.util.concurrent.AbstractFuture.get(AbstractFuture.java:508) ~[nacos-client-2.0.4.jar:na]
	at com.alibaba.nacos.common.remote.client.grpc.GrpcClient.serverCheck(GrpcClient.java:148) ~[nacos-client-2.0.4.jar:na]
	at com.alibaba.nacos.common.remote.client.grpc.GrpcClient.connectToServer(GrpcClient.java:264) ~[nacos-client-2.0.4.jar:na]
	at com.alibaba.nacos.common.remote.client.RpcClient.reconnect(RpcClient.java:522) ~[nacos-client-2.0.4.jar:na]
	at com.alibaba.nacos.common.remote.client.RpcClient.lambda$start$2(RpcClient.java:370) ~[nacos-client-2.0.4.jar:na]
	at java.base/java.util.concurrent.Executors$RunnableAdapter.call(Executors.java:515) ~[na:na]
	at java.base/java.util.concurrent.FutureTask.run(FutureTask.java:264) ~[na:na]
	at java.base/java.util.concurrent.ScheduledThreadPoolExecutor$ScheduledFutureTask.run(ScheduledThreadPoolExecutor.java:304) ~[na:na]
	at java.base/java.util.concurrent.ThreadPoolExecutor.runWorker(ThreadPoolExecutor.java:1128) ~[na:na]
	at java.base/java.util.concurrent.ThreadPoolExecutor$Worker.run(ThreadPoolExecutor.java:628) ~[na:na]
	at java.base/java.lang.Thread.run(Thread.java:834) ~[na:na]

16:44:40:099  INFO 20248 --- [com.alibaba.nacos.client.remote.worker] com.alibaba.nacos.common.remote.client   : [7fc1bc4e-a94e-4a62-ba7d-11e39db02893] Fail to connect server, after trying 1 times, last try server is {serverIp = '192.168.68.101', server main port = 8848}, error = unknown
16:44:41:918 ERROR 20248 --- [com.alibaba.nacos.client.naming.updater.3] com.alibaba.nacos.common.remote.client   : Send request fail, request = ServiceQueryRequest{headers={app=unknown}, requestId='null'}, retryTimes = 0, errorMessage = Client not connected, current status:UNHEALTHY
16:44:42:026 ERROR 20248 --- [com.alibaba.nacos.client.naming.updater.3] com.alibaba.nacos.common.remote.client   : Send request fail, request = ServiceQueryRequest{headers={app=unknown}, requestId='null'}, retryTimes = 1, errorMessage = Client not connected, current status:UNHEALTHY
16:44:42:134 ERROR 20248 --- [com.alibaba.nacos.client.naming.updater.3] com.alibaba.nacos.common.remote.client   : Send request fail, request = ServiceQueryRequest{headers={app=unknown}, requestId='null'}, retryTimes = 2, errorMessage = Client not connected, current status:UNHEALTHY
16:44:43:321 ERROR 20248 --- [com.alibaba.nacos.client.remote.worker] c.a.n.c.remote.client.grpc.GrpcClient    : Server check fail, please check server 192.168.68.101 ,port 9848 is available , error ={}

java.util.concurrent.TimeoutException: Waited 3000 milliseconds (plus 6 milliseconds, 606900 nanoseconds delay) for com.alibaba.nacos.shaded.io.grpc.stub.ClientCalls$GrpcFuture@731480e5[status=PENDING, info=[GrpcFuture{clientCall={delegate={delegate=ClientCallImpl{method=MethodDescriptor{fullMethodName=Request/request, type=UNARY, idempotent=false, safe=false, sampledToLocalTracing=true, requestMarshaller=com.alibaba.nacos.shaded.io.grpc.protobuf.lite.ProtoLiteUtils$MessageMarshaller@2326ef6e, responseMarshaller=com.alibaba.nacos.shaded.io.grpc.protobuf.lite.ProtoLiteUtils$MessageMarshaller@2aee799, schemaDescriptor=com.alibaba.nacos.api.grpc.auto.RequestGrpc$RequestMethodDescriptorSupplier@759c86b5}}}}}]]
	at com.alibaba.nacos.shaded.com.google.common.util.concurrent.AbstractFuture.get(AbstractFuture.java:508) ~[nacos-client-2.0.4.jar:na]
	at com.alibaba.nacos.common.remote.client.grpc.GrpcClient.serverCheck(GrpcClient.java:148) ~[nacos-client-2.0.4.jar:na]
	at com.alibaba.nacos.common.remote.client.grpc.GrpcClient.connectToServer(GrpcClient.java:264) ~[nacos-client-2.0.4.jar:na]
	at com.alibaba.nacos.common.remote.client.RpcClient.reconnect(RpcClient.java:522) ~[nacos-client-2.0.4.jar:na]
	at com.alibaba.nacos.common.remote.client.RpcClient.lambda$start$2(RpcClient.java:370) ~[nacos-client-2.0.4.jar:na]
	at java.base/java.util.concurrent.Executors$RunnableAdapter.call(Executors.java:515) ~[na:na]
	at java.base/java.util.concurrent.FutureTask.run(FutureTask.java:264) ~[na:na]
	at java.base/java.util.concurrent.ScheduledThreadPoolExecutor$ScheduledFutureTask.run(ScheduledThreadPoolExecutor.java:304) ~[na:na]
	at java.base/java.util.concurrent.ThreadPoolExecutor.runWorker(ThreadPoolExecutor.java:1128) ~[na:na]
	at java.base/java.util.concurrent.ThreadPoolExecutor$Worker.run(ThreadPoolExecutor.java:628) ~[na:na]
	at java.base/java.lang.Thread.run(Thread.java:834) ~[na:na]

16:44:43:322  INFO 20248 --- [com.alibaba.nacos.client.remote.worker] com.alibaba.nacos.common.remote.client   : [7fc1bc4e-a94e-4a62-ba7d-11e39db02893] Fail to connect server, after trying 2 times, last try server is {serverIp = '192.168.68.101', server main port = 8848}, error = unknown
16:44:46:640 ERROR 20248 --- [com.alibaba.nacos.client.remote.worker] c.a.n.c.remote.client.grpc.GrpcClient    : Server check fail, please check server 192.168.68.101 ,port 9848 is available , error ={}

java.util.concurrent.TimeoutException: Waited 3000 milliseconds (plus 5 milliseconds, 24400 nanoseconds delay) for com.alibaba.nacos.shaded.io.grpc.stub.ClientCalls$GrpcFuture@2929522e[status=PENDING, info=[GrpcFuture{clientCall={delegate={delegate=ClientCallImpl{method=MethodDescriptor{fullMethodName=Request/request, type=UNARY, idempotent=false, safe=false, sampledToLocalTracing=true, requestMarshaller=com.alibaba.nacos.shaded.io.grpc.protobuf.lite.ProtoLiteUtils$MessageMarshaller@2326ef6e, responseMarshaller=com.alibaba.nacos.shaded.io.grpc.protobuf.lite.ProtoLiteUtils$MessageMarshaller@2aee799, schemaDescriptor=com.alibaba.nacos.api.grpc.auto.RequestGrpc$RequestMethodDescriptorSupplier@759c86b5}}}}}]]
	at com.alibaba.nacos.shaded.com.google.common.util.concurrent.AbstractFuture.get(AbstractFuture.java:508) ~[nacos-client-2.0.4.jar:na]
	at com.alibaba.nacos.common.remote.client.grpc.GrpcClient.serverCheck(GrpcClient.java:148) ~[nacos-client-2.0.4.jar:na]
	at com.alibaba.nacos.common.remote.client.grpc.GrpcClient.connectToServer(GrpcClient.java:264) ~[nacos-client-2.0.4.jar:na]
	at com.alibaba.nacos.common.remote.client.RpcClient.reconnect(RpcClient.java:522) ~[nacos-client-2.0.4.jar:na]
	at com.alibaba.nacos.common.remote.client.RpcClient.lambda$start$2(RpcClient.java:370) ~[nacos-client-2.0.4.jar:na]
	at java.base/java.util.concurrent.Executors$RunnableAdapter.call(Executors.java:515) ~[na:na]
	at java.base/java.util.concurrent.FutureTask.run(FutureTask.java:264) ~[na:na]
	at java.base/java.util.concurrent.ScheduledThreadPoolExecutor$ScheduledFutureTask.run(ScheduledThreadPoolExecutor.java:304) ~[na:na]
	at java.base/java.util.concurrent.ThreadPoolExecutor.runWorker(ThreadPoolExecutor.java:1128) ~[na:na]
	at java.base/java.util.concurrent.ThreadPoolExecutor$Worker.run(ThreadPoolExecutor.java:628) ~[na:na]
	at java.base/java.lang.Thread.run(Thread.java:834) ~[na:na]

16:44:46:641  INFO 20248 --- [com.alibaba.nacos.client.remote.worker] com.alibaba.nacos.common.remote.client   : [7fc1bc4e-a94e-4a62-ba7d-11e39db02893] Fail to connect server, after trying 3 times, last try server is {serverIp = '192.168.68.101', server main port = 8848}, error = unknown
